Terminales no usados en la gramática

   BOOL
   UNDEFINED


Estado 24 conflictos: 1 desplazamiento/reducción


Gramática

    0 $accept: program $end

    1 program: stmtlist

    2 stmtlist: %empty
    3         | stmtlist stmt
    4         | stmtlist error

    5 stmt: SEMICOLON
    6     | asgn SEMICOLON
    7     | asgn
    8     | print SEMICOLON
    9     | read SEMICOLON
   10     | if
   11     | while
   12     | repeat
   13     | for
   14     | erase SEMICOLON
   15     | place SEMICOLON

   16 if: IF cond THEN stmtlist ENDIF
   17   | IF cond THEN stmtlist ELSE stmtlist ENDIF
   18   | IF cond stmtlist ENDIF
   19   | IF cond stmtlist ELSE stmtlist ENDIF

   20 while: WHILE cond DO stmtlist ENDWHILE
   21      | WHILE cond stmtlist ENDWHILE

   22 repeat: REPEAT stmtlist UNTIL cond

   23 for: FOR VARIABLE FROM exp UNTIL exp STEP exp DO stmtlist ENDFOR
   24    | FOR VARIABLE FROM exp UNTIL exp DO stmtlist ENDFOR
   25    | FOR STRING FROM exp UNTIL exp DO stmtlist ENDFOR
   26    | FOR STRING FROM exp UNTIL exp STEP exp DO stmtlist ENDFOR
   27    | FOR NUMBER FROM exp UNTIL exp DO stmtlist ENDFOR
   28    | FOR NUMBER FROM exp UNTIL exp STEP exp DO stmtlist ENDFOR

   29 cond: LPAREN exp RPAREN

   30 erase: ERASE

   31 place: PLACE LPAREN exp COMMA exp RPAREN

   32 asgn: VARIABLE ASSIGNMENT exp
   33     | VARIABLE ASSIGNMENT asgn
   34     | CONSTANT ASSIGNMENT exp
   35     | CONSTANT ASSIGNMENT asgn

   36 print: PRINT LPAREN exp RPAREN

   37 read: READ LPAREN VARIABLE RPAREN
   38     | READ_STRING LPAREN VARIABLE RPAREN
   39     | READ LPAREN CONSTANT RPAREN
   40     | READ_STRING LPAREN CONSTANT RPAREN

   41 exp: NUMBER
   42    | STRING
   43    | exp PLUS exp
   44    | exp MINUS exp
   45    | exp MULTIPLICATION exp
   46    | exp DIVISION exp
   47    | exp INTEGER_DIVISION exp
   48    | LPAREN exp RPAREN
   49    | PLUS exp
   50    | MINUS exp
   51    | exp MODULO exp
   52    | exp POWER exp
   53    | VARIABLE
   54    | CONSTANT
   55    | exp CONCATENATE exp
   56    | BUILTIN LPAREN listOfExp RPAREN
   57    | exp GREATER_THAN exp
   58    | exp GREATER_OR_EQUAL exp
   59    | exp LESS_THAN exp
   60    | exp LESS_OR_EQUAL exp
   61    | exp EQUAL exp
   62    | exp NOT_EQUAL exp
   63    | exp AND exp
   64    | exp OR exp
   65    | NOT exp

   66 listOfExp: %empty
   67          | exp restOfListOfExp

   68 restOfListOfExp: %empty
   69                | COMMA exp restOfListOfExp


Terminales con las reglas donde aparecen

$end (0) 0
error (256) 4
SEMICOLON (258) 5 6 8 9 14 15
PRINT (259) 36
READ (260) 37 39
READ_STRING (261) 38 40
IF (262) 16 17 18 19
THEN (263) 16 17
ELSE (264) 17 19
ENDIF (265) 16 17 18 19
WHILE (266) 20 21
DO (267) 20 23 24 25 26 27 28
ENDWHILE (268) 20 21
REPEAT (269) 22
UNTIL (270) 22 23 24 25 26 27 28
FOR (271) 23 24 25 26 27 28
FROM (272) 23 24 25 26 27 28
STEP (273) 23 26 28
ENDFOR (274) 23 24 25 26 27 28
ERASE (275) 30
PLACE (276) 31
ASSIGNMENT (277) 32 33 34 35
COMMA (278) 31 69
NUMBER (279) 27 28 41
STRING (280) 25 26 42
BOOL (281)
VARIABLE (282) 23 24 32 33 37 38 53
UNDEFINED (283)
CONSTANT (284) 34 35 39 40 54
BUILTIN (285) 56
OR (286) 64
AND (287) 63
CONCATENATE (288) 55
GREATER_OR_EQUAL (289) 58
LESS_OR_EQUAL (290) 60
GREATER_THAN (291) 57
LESS_THAN (292) 59
EQUAL (293) 61
NOT_EQUAL (294) 62
NOT (295) 65
PLUS (296) 43 49
MINUS (297) 44 50
MULTIPLICATION (298) 45
INTEGER_DIVISION (299) 47
DIVISION (300) 46
MODULO (301) 51
LPAREN (302) 29 31 36 37 38 39 40 48 56
RPAREN (303) 29 31 36 37 38 39 40 48 56
UNARY (304)
POWER (305) 52


No terminales con las reglas donde aparecen

$accept (51)
    en la izquierda: 0
program (52)
    en la izquierda: 1, en la derecha: 0
stmtlist (53)
    en la izquierda: 2 3 4, en la derecha: 1 3 4 16 17 18 19 20 21
    22 23 24 25 26 27 28
stmt (54)
    en la izquierda: 5 6 7 8 9 10 11 12 13 14 15, en la derecha: 3
if (55)
    en la izquierda: 16 17 18 19, en la derecha: 10
while (56)
    en la izquierda: 20 21, en la derecha: 11
repeat (57)
    en la izquierda: 22, en la derecha: 12
for (58)
    en la izquierda: 23 24 25 26 27 28, en la derecha: 13
cond (59)
    en la izquierda: 29, en la derecha: 16 17 18 19 20 21 22
erase (60)
    en la izquierda: 30, en la derecha: 14
place (61)
    en la izquierda: 31, en la derecha: 15
asgn (62)
    en la izquierda: 32 33 34 35, en la derecha: 6 7 33 35
print (63)
    en la izquierda: 36, en la derecha: 8
read (64)
    en la izquierda: 37 38 39 40, en la derecha: 9
exp (65)
    en la izquierda: 41 42 43 44 45 46 47 48 49 50 51 52 53 54 55 56
    57 58 59 60 61 62 63 64 65, en la derecha: 23 24 25 26 27 28 29
    31 32 34 36 43 44 45 46 47 48 49 50 51 52 55 57 58 59 60 61 62
    63 64 65 67 69
listOfExp (66)
    en la izquierda: 66 67, en la derecha: 56
restOfListOfExp (67)
    en la izquierda: 68 69, en la derecha: 67 69


Estado 0

    0 $accept: . program $end

    $default  reduce usando la regla 2 (stmtlist)

    program   ir al estado 1
    stmtlist  ir al estado 2


Estado 1

    0 $accept: program . $end

    $end  desplazar e ir al estado 3


Estado 2

    1 program: stmtlist .
    3 stmtlist: stmtlist . stmt
    4         | stmtlist . error

    error        desplazar e ir al estado 4
    SEMICOLON    desplazar e ir al estado 5
    PRINT        desplazar e ir al estado 6
    READ         desplazar e ir al estado 7
    READ_STRING  desplazar e ir al estado 8
    IF           desplazar e ir al estado 9
    WHILE        desplazar e ir al estado 10
    REPEAT       desplazar e ir al estado 11
    FOR          desplazar e ir al estado 12
    ERASE        desplazar e ir al estado 13
    PLACE        desplazar e ir al estado 14
    VARIABLE     desplazar e ir al estado 15
    CONSTANT     desplazar e ir al estado 16

    $end  reduce usando la regla 1 (program)

    stmt    ir al estado 17
    if      ir al estado 18
    while   ir al estado 19
    repeat  ir al estado 20
    for     ir al estado 21
    erase   ir al estado 22
    place   ir al estado 23
    asgn    ir al estado 24
    print   ir al estado 25
    read    ir al estado 26


Estado 3

    0 $accept: program $end .

    $default  aceptar


Estado 4

    4 stmtlist: stmtlist error .

    $default  reduce usando la regla 4 (stmtlist)


Estado 5

    5 stmt: SEMICOLON .

    $default  reduce usando la regla 5 (stmt)


Estado 6

   36 print: PRINT . LPAREN exp RPAREN

    LPAREN  desplazar e ir al estado 27


Estado 7

   37 read: READ . LPAREN VARIABLE RPAREN
   39     | READ . LPAREN CONSTANT RPAREN

    LPAREN  desplazar e ir al estado 28


Estado 8

   38 read: READ_STRING . LPAREN VARIABLE RPAREN
   40     | READ_STRING . LPAREN CONSTANT RPAREN

    LPAREN  desplazar e ir al estado 29


Estado 9

   16 if: IF . cond THEN stmtlist ENDIF
   17   | IF . cond THEN stmtlist ELSE stmtlist ENDIF
   18   | IF . cond stmtlist ENDIF
   19   | IF . cond stmtlist ELSE stmtlist ENDIF

    LPAREN  desplazar e ir al estado 30

    cond  ir al estado 31


Estado 10

   20 while: WHILE . cond DO stmtlist ENDWHILE
   21      | WHILE . cond stmtlist ENDWHILE

    LPAREN  desplazar e ir al estado 30

    cond  ir al estado 32


Estado 11

   22 repeat: REPEAT . stmtlist UNTIL cond

    $default  reduce usando la regla 2 (stmtlist)

    stmtlist  ir al estado 33


Estado 12

   23 for: FOR . VARIABLE FROM exp UNTIL exp STEP exp DO stmtlist ENDFOR
   24    | FOR . VARIABLE FROM exp UNTIL exp DO stmtlist ENDFOR
   25    | FOR . STRING FROM exp UNTIL exp DO stmtlist ENDFOR
   26    | FOR . STRING FROM exp UNTIL exp STEP exp DO stmtlist ENDFOR
   27    | FOR . NUMBER FROM exp UNTIL exp DO stmtlist ENDFOR
   28    | FOR . NUMBER FROM exp UNTIL exp STEP exp DO stmtlist ENDFOR

    NUMBER    desplazar e ir al estado 34
    STRING    desplazar e ir al estado 35
    VARIABLE  desplazar e ir al estado 36


Estado 13

   30 erase: ERASE .

    $default  reduce usando la regla 30 (erase)


Estado 14

   31 place: PLACE . LPAREN exp COMMA exp RPAREN

    LPAREN  desplazar e ir al estado 37


Estado 15

   32 asgn: VARIABLE . ASSIGNMENT exp
   33     | VARIABLE . ASSIGNMENT asgn

    ASSIGNMENT  desplazar e ir al estado 38


Estado 16

   34 asgn: CONSTANT . ASSIGNMENT exp
   35     | CONSTANT . ASSIGNMENT asgn

    ASSIGNMENT  desplazar e ir al estado 39


Estado 17

    3 stmtlist: stmtlist stmt .

    $default  reduce usando la regla 3 (stmtlist)


Estado 18

   10 stmt: if .

    $default  reduce usando la regla 10 (stmt)


Estado 19

   11 stmt: while .

    $default  reduce usando la regla 11 (stmt)


Estado 20

   12 stmt: repeat .

    $default  reduce usando la regla 12 (stmt)


Estado 21

   13 stmt: for .

    $default  reduce usando la regla 13 (stmt)


Estado 22

   14 stmt: erase . SEMICOLON

    SEMICOLON  desplazar e ir al estado 40


Estado 23

   15 stmt: place . SEMICOLON

    SEMICOLON  desplazar e ir al estado 41


Estado 24

    6 stmt: asgn . SEMICOLON
    7     | asgn .

    SEMICOLON  desplazar e ir al estado 42

    SEMICOLON  [reduce usando la regla 7 (stmt)]
    $default   reduce usando la regla 7 (stmt)


Estado 25

    8 stmt: print . SEMICOLON

    SEMICOLON  desplazar e ir al estado 43


Estado 26

    9 stmt: read . SEMICOLON

    SEMICOLON  desplazar e ir al estado 44


Estado 27

   36 print: PRINT LPAREN . exp RPAREN

    NUMBER    desplazar e ir al estado 45
    STRING    desplazar e ir al estado 46
    VARIABLE  desplazar e ir al estado 47
    CONSTANT  desplazar e ir al estado 48
    BUILTIN   desplazar e ir al estado 49
    NOT       desplazar e ir al estado 50
    PLUS      desplazar e ir al estado 51
    MINUS     desplazar e ir al estado 52
    LPAREN    desplazar e ir al estado 53

    exp  ir al estado 54


Estado 28

   37 read: READ LPAREN . VARIABLE RPAREN
   39     | READ LPAREN . CONSTANT RPAREN

    VARIABLE  desplazar e ir al estado 55
    CONSTANT  desplazar e ir al estado 56


Estado 29

   38 read: READ_STRING LPAREN . VARIABLE RPAREN
   40     | READ_STRING LPAREN . CONSTANT RPAREN

    VARIABLE  desplazar e ir al estado 57
    CONSTANT  desplazar e ir al estado 58


Estado 30

   29 cond: LPAREN . exp RPAREN

    NUMBER    desplazar e ir al estado 45
    STRING    desplazar e ir al estado 46
    VARIABLE  desplazar e ir al estado 47
    CONSTANT  desplazar e ir al estado 48
    BUILTIN   desplazar e ir al estado 49
    NOT       desplazar e ir al estado 50
    PLUS      desplazar e ir al estado 51
    MINUS     desplazar e ir al estado 52
    LPAREN    desplazar e ir al estado 53

    exp  ir al estado 59


Estado 31

   16 if: IF cond . THEN stmtlist ENDIF
   17   | IF cond . THEN stmtlist ELSE stmtlist ENDIF
   18   | IF cond . stmtlist ENDIF
   19   | IF cond . stmtlist ELSE stmtlist ENDIF

    THEN  desplazar e ir al estado 60

    $default  reduce usando la regla 2 (stmtlist)

    stmtlist  ir al estado 61


Estado 32

   20 while: WHILE cond . DO stmtlist ENDWHILE
   21      | WHILE cond . stmtlist ENDWHILE

    DO  desplazar e ir al estado 62

    $default  reduce usando la regla 2 (stmtlist)

    stmtlist  ir al estado 63


Estado 33

    3 stmtlist: stmtlist . stmt
    4         | stmtlist . error
   22 repeat: REPEAT stmtlist . UNTIL cond

    error        desplazar e ir al estado 4
    SEMICOLON    desplazar e ir al estado 5
    PRINT        desplazar e ir al estado 6
    READ         desplazar e ir al estado 7
    READ_STRING  desplazar e ir al estado 8
    IF           desplazar e ir al estado 9
    WHILE        desplazar e ir al estado 10
    REPEAT       desplazar e ir al estado 11
    UNTIL        desplazar e ir al estado 64
    FOR          desplazar e ir al estado 12
    ERASE        desplazar e ir al estado 13
    PLACE        desplazar e ir al estado 14
    VARIABLE     desplazar e ir al estado 15
    CONSTANT     desplazar e ir al estado 16

    stmt    ir al estado 17
    if      ir al estado 18
    while   ir al estado 19
    repeat  ir al estado 20
    for     ir al estado 21
    erase   ir al estado 22
    place   ir al estado 23
    asgn    ir al estado 24
    print   ir al estado 25
    read    ir al estado 26


Estado 34

   27 for: FOR NUMBER . FROM exp UNTIL exp DO stmtlist ENDFOR
   28    | FOR NUMBER . FROM exp UNTIL exp STEP exp DO stmtlist ENDFOR

    FROM  desplazar e ir al estado 65


Estado 35

   25 for: FOR STRING . FROM exp UNTIL exp DO stmtlist ENDFOR
   26    | FOR STRING . FROM exp UNTIL exp STEP exp DO stmtlist ENDFOR

    FROM  desplazar e ir al estado 66


Estado 36

   23 for: FOR VARIABLE . FROM exp UNTIL exp STEP exp DO stmtlist ENDFOR
   24    | FOR VARIABLE . FROM exp UNTIL exp DO stmtlist ENDFOR

    FROM  desplazar e ir al estado 67


Estado 37

   31 place: PLACE LPAREN . exp COMMA exp RPAREN

    NUMBER    desplazar e ir al estado 45
    STRING    desplazar e ir al estado 46
    VARIABLE  desplazar e ir al estado 47
    CONSTANT  desplazar e ir al estado 48
    BUILTIN   desplazar e ir al estado 49
    NOT       desplazar e ir al estado 50
    PLUS      desplazar e ir al estado 51
    MINUS     desplazar e ir al estado 52
    LPAREN    desplazar e ir al estado 53

    exp  ir al estado 68


Estado 38

   32 asgn: VARIABLE ASSIGNMENT . exp
   33     | VARIABLE ASSIGNMENT . asgn

    NUMBER    desplazar e ir al estado 45
    STRING    desplazar e ir al estado 46
    VARIABLE  desplazar e ir al estado 69
    CONSTANT  desplazar e ir al estado 70
    BUILTIN   desplazar e ir al estado 49
    NOT       desplazar e ir al estado 50
    PLUS      desplazar e ir al estado 51
    MINUS     desplazar e ir al estado 52
    LPAREN    desplazar e ir al estado 53

    asgn  ir al estado 71
    exp   ir al estado 72


Estado 39

   34 asgn: CONSTANT ASSIGNMENT . exp
   35     | CONSTANT ASSIGNMENT . asgn

    NUMBER    desplazar e ir al estado 45
    STRING    desplazar e ir al estado 46
    VARIABLE  desplazar e ir al estado 69
    CONSTANT  desplazar e ir al estado 70
    BUILTIN   desplazar e ir al estado 49
    NOT       desplazar e ir al estado 50
    PLUS      desplazar e ir al estado 51
    MINUS     desplazar e ir al estado 52
    LPAREN    desplazar e ir al estado 53

    asgn  ir al estado 73
    exp   ir al estado 74


Estado 40

   14 stmt: erase SEMICOLON .

    $default  reduce usando la regla 14 (stmt)


Estado 41

   15 stmt: place SEMICOLON .

    $default  reduce usando la regla 15 (stmt)


Estado 42

    6 stmt: asgn SEMICOLON .

    $default  reduce usando la regla 6 (stmt)


Estado 43

    8 stmt: print SEMICOLON .

    $default  reduce usando la regla 8 (stmt)


Estado 44

    9 stmt: read SEMICOLON .

    $default  reduce usando la regla 9 (stmt)


Estado 45

   41 exp: NUMBER .

    $default  reduce usando la regla 41 (exp)


Estado 46

   42 exp: STRING .

    $default  reduce usando la regla 42 (exp)


Estado 47

   53 exp: VARIABLE .

    $default  reduce usando la regla 53 (exp)


Estado 48

   54 exp: CONSTANT .

    $default  reduce usando la regla 54 (exp)


Estado 49

   56 exp: BUILTIN . LPAREN listOfExp RPAREN

    LPAREN  desplazar e ir al estado 75


Estado 50

   65 exp: NOT . exp

    NUMBER    desplazar e ir al estado 45
    STRING    desplazar e ir al estado 46
    VARIABLE  desplazar e ir al estado 47
    CONSTANT  desplazar e ir al estado 48
    BUILTIN   desplazar e ir al estado 49
    NOT       desplazar e ir al estado 50
    PLUS      desplazar e ir al estado 51
    MINUS     desplazar e ir al estado 52
    LPAREN    desplazar e ir al estado 53

    exp  ir al estado 76


Estado 51

   49 exp: PLUS . exp

    NUMBER    desplazar e ir al estado 45
    STRING    desplazar e ir al estado 46
    VARIABLE  desplazar e ir al estado 47
    CONSTANT  desplazar e ir al estado 48
    BUILTIN   desplazar e ir al estado 49
    NOT       desplazar e ir al estado 50
    PLUS      desplazar e ir al estado 51
    MINUS     desplazar e ir al estado 52
    LPAREN    desplazar e ir al estado 53

    exp  ir al estado 77


Estado 52

   50 exp: MINUS . exp

    NUMBER    desplazar e ir al estado 45
    STRING    desplazar e ir al estado 46
    VARIABLE  desplazar e ir al estado 47
    CONSTANT  desplazar e ir al estado 48
    BUILTIN   desplazar e ir al estado 49
    NOT       desplazar e ir al estado 50
    PLUS      desplazar e ir al estado 51
    MINUS     desplazar e ir al estado 52
    LPAREN    desplazar e ir al estado 53

    exp  ir al estado 78


Estado 53

   48 exp: LPAREN . exp RPAREN

    NUMBER    desplazar e ir al estado 45
    STRING    desplazar e ir al estado 46
    VARIABLE  desplazar e ir al estado 47
    CONSTANT  desplazar e ir al estado 48
    BUILTIN   desplazar e ir al estado 49
    NOT       desplazar e ir al estado 50
    PLUS      desplazar e ir al estado 51
    MINUS     desplazar e ir al estado 52
    LPAREN    desplazar e ir al estado 53

    exp  ir al estado 79


Estado 54

   36 print: PRINT LPAREN exp . RPAREN
   43 exp: exp . PLUS exp
   44    | exp . MINUS exp
   45    | exp . MULTIPLICATION exp
   46    | exp . DIVISION exp
   47    | exp . INTEGER_DIVISION exp
   51    | exp . MODULO exp
   52    | exp . POWER exp
   55    | exp . CONCATENATE exp
   57    | exp . GREATER_THAN exp
   58    | exp . GREATER_OR_EQUAL exp
   59    | exp . LESS_THAN exp
   60    | exp . LESS_OR_EQUAL exp
   61    | exp . EQUAL exp
   62    | exp . NOT_EQUAL exp
   63    | exp . AND exp
   64    | exp . OR exp

    OR                desplazar e ir al estado 80
    AND               desplazar e ir al estado 81
    CONCATENATE       desplazar e ir al estado 82
    GREATER_OR_EQUAL  desplazar e ir al estado 83
    LESS_OR_EQUAL     desplazar e ir al estado 84
    GREATER_THAN      desplazar e ir al estado 85
    LESS_THAN         desplazar e ir al estado 86
    EQUAL             desplazar e ir al estado 87
    NOT_EQUAL         desplazar e ir al estado 88
    PLUS              desplazar e ir al estado 89
    MINUS             desplazar e ir al estado 90
    MULTIPLICATION    desplazar e ir al estado 91
    INTEGER_DIVISION  desplazar e ir al estado 92
    DIVISION          desplazar e ir al estado 93
    MODULO            desplazar e ir al estado 94
    RPAREN            desplazar e ir al estado 95
    POWER             desplazar e ir al estado 96


Estado 55

   37 read: READ LPAREN VARIABLE . RPAREN

    RPAREN  desplazar e ir al estado 97


Estado 56

   39 read: READ LPAREN CONSTANT . RPAREN

    RPAREN  desplazar e ir al estado 98


Estado 57

   38 read: READ_STRING LPAREN VARIABLE . RPAREN

    RPAREN  desplazar e ir al estado 99


Estado 58

   40 read: READ_STRING LPAREN CONSTANT . RPAREN

    RPAREN  desplazar e ir al estado 100


Estado 59

   29 cond: LPAREN exp . RPAREN
   43 exp: exp . PLUS exp
   44    | exp . MINUS exp
   45    | exp . MULTIPLICATION exp
   46    | exp . DIVISION exp
   47    | exp . INTEGER_DIVISION exp
   51    | exp . MODULO exp
   52    | exp . POWER exp
   55    | exp . CONCATENATE exp
   57    | exp . GREATER_THAN exp
   58    | exp . GREATER_OR_EQUAL exp
   59    | exp . LESS_THAN exp
   60    | exp . LESS_OR_EQUAL exp
   61    | exp . EQUAL exp
   62    | exp . NOT_EQUAL exp
   63    | exp . AND exp
   64    | exp . OR exp

    OR                desplazar e ir al estado 80
    AND               desplazar e ir al estado 81
    CONCATENATE       desplazar e ir al estado 82
    GREATER_OR_EQUAL  desplazar e ir al estado 83
    LESS_OR_EQUAL     desplazar e ir al estado 84
    GREATER_THAN      desplazar e ir al estado 85
    LESS_THAN         desplazar e ir al estado 86
    EQUAL             desplazar e ir al estado 87
    NOT_EQUAL         desplazar e ir al estado 88
    PLUS              desplazar e ir al estado 89
    MINUS             desplazar e ir al estado 90
    MULTIPLICATION    desplazar e ir al estado 91
    INTEGER_DIVISION  desplazar e ir al estado 92
    DIVISION          desplazar e ir al estado 93
    MODULO            desplazar e ir al estado 94
    RPAREN            desplazar e ir al estado 101
    POWER             desplazar e ir al estado 96


Estado 60

   16 if: IF cond THEN . stmtlist ENDIF
   17   | IF cond THEN . stmtlist ELSE stmtlist ENDIF

    $default  reduce usando la regla 2 (stmtlist)

    stmtlist  ir al estado 102


Estado 61

    3 stmtlist: stmtlist . stmt
    4         | stmtlist . error
   18 if: IF cond stmtlist . ENDIF
   19   | IF cond stmtlist . ELSE stmtlist ENDIF

    error        desplazar e ir al estado 4
    SEMICOLON    desplazar e ir al estado 5
    PRINT        desplazar e ir al estado 6
    READ         desplazar e ir al estado 7
    READ_STRING  desplazar e ir al estado 8
    IF           desplazar e ir al estado 9
    ELSE         desplazar e ir al estado 103
    ENDIF        desplazar e ir al estado 104
    WHILE        desplazar e ir al estado 10
    REPEAT       desplazar e ir al estado 11
    FOR          desplazar e ir al estado 12
    ERASE        desplazar e ir al estado 13
    PLACE        desplazar e ir al estado 14
    VARIABLE     desplazar e ir al estado 15
    CONSTANT     desplazar e ir al estado 16

    stmt    ir al estado 17
    if      ir al estado 18
    while   ir al estado 19
    repeat  ir al estado 20
    for     ir al estado 21
    erase   ir al estado 22
    place   ir al estado 23
    asgn    ir al estado 24
    print   ir al estado 25
    read    ir al estado 26


Estado 62

   20 while: WHILE cond DO . stmtlist ENDWHILE

    $default  reduce usando la regla 2 (stmtlist)

    stmtlist  ir al estado 105


Estado 63

    3 stmtlist: stmtlist . stmt
    4         | stmtlist . error
   21 while: WHILE cond stmtlist . ENDWHILE

    error        desplazar e ir al estado 4
    SEMICOLON    desplazar e ir al estado 5
    PRINT        desplazar e ir al estado 6
    READ         desplazar e ir al estado 7
    READ_STRING  desplazar e ir al estado 8
    IF           desplazar e ir al estado 9
    WHILE        desplazar e ir al estado 10
    ENDWHILE     desplazar e ir al estado 106
    REPEAT       desplazar e ir al estado 11
    FOR          desplazar e ir al estado 12
    ERASE        desplazar e ir al estado 13
    PLACE        desplazar e ir al estado 14
    VARIABLE     desplazar e ir al estado 15
    CONSTANT     desplazar e ir al estado 16

    stmt    ir al estado 17
    if      ir al estado 18
    while   ir al estado 19
    repeat  ir al estado 20
    for     ir al estado 21
    erase   ir al estado 22
    place   ir al estado 23
    asgn    ir al estado 24
    print   ir al estado 25
    read    ir al estado 26


Estado 64

   22 repeat: REPEAT stmtlist UNTIL . cond

    LPAREN  desplazar e ir al estado 30

    cond  ir al estado 107


Estado 65

   27 for: FOR NUMBER FROM . exp UNTIL exp DO stmtlist ENDFOR
   28    | FOR NUMBER FROM . exp UNTIL exp STEP exp DO stmtlist ENDFOR

    NUMBER    desplazar e ir al estado 45
    STRING    desplazar e ir al estado 46
    VARIABLE  desplazar e ir al estado 47
    CONSTANT  desplazar e ir al estado 48
    BUILTIN   desplazar e ir al estado 49
    NOT       desplazar e ir al estado 50
    PLUS      desplazar e ir al estado 51
    MINUS     desplazar e ir al estado 52
    LPAREN    desplazar e ir al estado 53

    exp  ir al estado 108


Estado 66

   25 for: FOR STRING FROM . exp UNTIL exp DO stmtlist ENDFOR
   26    | FOR STRING FROM . exp UNTIL exp STEP exp DO stmtlist ENDFOR

    NUMBER    desplazar e ir al estado 45
    STRING    desplazar e ir al estado 46
    VARIABLE  desplazar e ir al estado 47
    CONSTANT  desplazar e ir al estado 48
    BUILTIN   desplazar e ir al estado 49
    NOT       desplazar e ir al estado 50
    PLUS      desplazar e ir al estado 51
    MINUS     desplazar e ir al estado 52
    LPAREN    desplazar e ir al estado 53

    exp  ir al estado 109


Estado 67

   23 for: FOR VARIABLE FROM . exp UNTIL exp STEP exp DO stmtlist ENDFOR
   24    | FOR VARIABLE FROM . exp UNTIL exp DO stmtlist ENDFOR

    NUMBER    desplazar e ir al estado 45
    STRING    desplazar e ir al estado 46
    VARIABLE  desplazar e ir al estado 47
    CONSTANT  desplazar e ir al estado 48
    BUILTIN   desplazar e ir al estado 49
    NOT       desplazar e ir al estado 50
    PLUS      desplazar e ir al estado 51
    MINUS     desplazar e ir al estado 52
    LPAREN    desplazar e ir al estado 53

    exp  ir al estado 110


Estado 68

   31 place: PLACE LPAREN exp . COMMA exp RPAREN
   43 exp: exp . PLUS exp
   44    | exp . MINUS exp
   45    | exp . MULTIPLICATION exp
   46    | exp . DIVISION exp
   47    | exp . INTEGER_DIVISION exp
   51    | exp . MODULO exp
   52    | exp . POWER exp
   55    | exp . CONCATENATE exp
   57    | exp . GREATER_THAN exp
   58    | exp . GREATER_OR_EQUAL exp
   59    | exp . LESS_THAN exp
   60    | exp . LESS_OR_EQUAL exp
   61    | exp . EQUAL exp
   62    | exp . NOT_EQUAL exp
   63    | exp . AND exp
   64    | exp . OR exp

    COMMA             desplazar e ir al estado 111
    OR                desplazar e ir al estado 80
    AND               desplazar e ir al estado 81
    CONCATENATE       desplazar e ir al estado 82
    GREATER_OR_EQUAL  desplazar e ir al estado 83
    LESS_OR_EQUAL     desplazar e ir al estado 84
    GREATER_THAN      desplazar e ir al estado 85
    LESS_THAN         desplazar e ir al estado 86
    EQUAL             desplazar e ir al estado 87
    NOT_EQUAL         desplazar e ir al estado 88
    PLUS              desplazar e ir al estado 89
    MINUS             desplazar e ir al estado 90
    MULTIPLICATION    desplazar e ir al estado 91
    INTEGER_DIVISION  desplazar e ir al estado 92
    DIVISION          desplazar e ir al estado 93
    MODULO            desplazar e ir al estado 94
    POWER             desplazar e ir al estado 96


Estado 69

   32 asgn: VARIABLE . ASSIGNMENT exp
   33     | VARIABLE . ASSIGNMENT asgn
   53 exp: VARIABLE .

    ASSIGNMENT  desplazar e ir al estado 38

    $default  reduce usando la regla 53 (exp)


Estado 70

   34 asgn: CONSTANT . ASSIGNMENT exp
   35     | CONSTANT . ASSIGNMENT asgn
   54 exp: CONSTANT .

    ASSIGNMENT  desplazar e ir al estado 39

    $default  reduce usando la regla 54 (exp)


Estado 71

   33 asgn: VARIABLE ASSIGNMENT asgn .

    $default  reduce usando la regla 33 (asgn)


Estado 72

   32 asgn: VARIABLE ASSIGNMENT exp .
   43 exp: exp . PLUS exp
   44    | exp . MINUS exp
   45    | exp . MULTIPLICATION exp
   46    | exp . DIVISION exp
   47    | exp . INTEGER_DIVISION exp
   51    | exp . MODULO exp
   52    | exp . POWER exp
   55    | exp . CONCATENATE exp
   57    | exp . GREATER_THAN exp
   58    | exp . GREATER_OR_EQUAL exp
   59    | exp . LESS_THAN exp
   60    | exp . LESS_OR_EQUAL exp
   61    | exp . EQUAL exp
   62    | exp . NOT_EQUAL exp
   63    | exp . AND exp
   64    | exp . OR exp

    OR                desplazar e ir al estado 80
    AND               desplazar e ir al estado 81
    CONCATENATE       desplazar e ir al estado 82
    GREATER_OR_EQUAL  desplazar e ir al estado 83
    LESS_OR_EQUAL     desplazar e ir al estado 84
    GREATER_THAN      desplazar e ir al estado 85
    LESS_THAN         desplazar e ir al estado 86
    EQUAL             desplazar e ir al estado 87
    NOT_EQUAL         desplazar e ir al estado 88
    PLUS              desplazar e ir al estado 89
    MINUS             desplazar e ir al estado 90
    MULTIPLICATION    desplazar e ir al estado 91
    INTEGER_DIVISION  desplazar e ir al estado 92
    DIVISION          desplazar e ir al estado 93
    MODULO            desplazar e ir al estado 94
    POWER             desplazar e ir al estado 96

    $default  reduce usando la regla 32 (asgn)


Estado 73

   35 asgn: CONSTANT ASSIGNMENT asgn .

    $default  reduce usando la regla 35 (asgn)


Estado 74

   34 asgn: CONSTANT ASSIGNMENT exp .
   43 exp: exp . PLUS exp
   44    | exp . MINUS exp
   45    | exp . MULTIPLICATION exp
   46    | exp . DIVISION exp
   47    | exp . INTEGER_DIVISION exp
   51    | exp . MODULO exp
   52    | exp . POWER exp
   55    | exp . CONCATENATE exp
   57    | exp . GREATER_THAN exp
   58    | exp . GREATER_OR_EQUAL exp
   59    | exp . LESS_THAN exp
   60    | exp . LESS_OR_EQUAL exp
   61    | exp . EQUAL exp
   62    | exp . NOT_EQUAL exp
   63    | exp . AND exp
   64    | exp . OR exp

    OR                desplazar e ir al estado 80
    AND               desplazar e ir al estado 81
    CONCATENATE       desplazar e ir al estado 82
    GREATER_OR_EQUAL  desplazar e ir al estado 83
    LESS_OR_EQUAL     desplazar e ir al estado 84
    GREATER_THAN      desplazar e ir al estado 85
    LESS_THAN         desplazar e ir al estado 86
    EQUAL             desplazar e ir al estado 87
    NOT_EQUAL         desplazar e ir al estado 88
    PLUS              desplazar e ir al estado 89
    MINUS             desplazar e ir al estado 90
    MULTIPLICATION    desplazar e ir al estado 91
    INTEGER_DIVISION  desplazar e ir al estado 92
    DIVISION          desplazar e ir al estado 93
    MODULO            desplazar e ir al estado 94
    POWER             desplazar e ir al estado 96

    $default  reduce usando la regla 34 (asgn)


Estado 75

   56 exp: BUILTIN LPAREN . listOfExp RPAREN

    NUMBER    desplazar e ir al estado 45
    STRING    desplazar e ir al estado 46
    VARIABLE  desplazar e ir al estado 47
    CONSTANT  desplazar e ir al estado 48
    BUILTIN   desplazar e ir al estado 49
    NOT       desplazar e ir al estado 50
    PLUS      desplazar e ir al estado 51
    MINUS     desplazar e ir al estado 52
    LPAREN    desplazar e ir al estado 53

    $default  reduce usando la regla 66 (listOfExp)

    exp        ir al estado 112
    listOfExp  ir al estado 113


Estado 76

   43 exp: exp . PLUS exp
   44    | exp . MINUS exp
   45    | exp . MULTIPLICATION exp
   46    | exp . DIVISION exp
   47    | exp . INTEGER_DIVISION exp
   51    | exp . MODULO exp
   52    | exp . POWER exp
   55    | exp . CONCATENATE exp
   57    | exp . GREATER_THAN exp
   58    | exp . GREATER_OR_EQUAL exp
   59    | exp . LESS_THAN exp
   60    | exp . LESS_OR_EQUAL exp
   61    | exp . EQUAL exp
   62    | exp . NOT_EQUAL exp
   63    | exp . AND exp
   64    | exp . OR exp
   65    | NOT exp .

    PLUS              desplazar e ir al estado 89
    MINUS             desplazar e ir al estado 90
    MULTIPLICATION    desplazar e ir al estado 91
    INTEGER_DIVISION  desplazar e ir al estado 92
    DIVISION          desplazar e ir al estado 93
    MODULO            desplazar e ir al estado 94
    POWER             desplazar e ir al estado 96

    $default  reduce usando la regla 65 (exp)


Estado 77

   43 exp: exp . PLUS exp
   44    | exp . MINUS exp
   45    | exp . MULTIPLICATION exp
   46    | exp . DIVISION exp
   47    | exp . INTEGER_DIVISION exp
   49    | PLUS exp .
   51    | exp . MODULO exp
   52    | exp . POWER exp
   55    | exp . CONCATENATE exp
   57    | exp . GREATER_THAN exp
   58    | exp . GREATER_OR_EQUAL exp
   59    | exp . LESS_THAN exp
   60    | exp . LESS_OR_EQUAL exp
   61    | exp . EQUAL exp
   62    | exp . NOT_EQUAL exp
   63    | exp . AND exp
   64    | exp . OR exp

    POWER  desplazar e ir al estado 96

    $default  reduce usando la regla 49 (exp)


Estado 78

   43 exp: exp . PLUS exp
   44    | exp . MINUS exp
   45    | exp . MULTIPLICATION exp
   46    | exp . DIVISION exp
   47    | exp . INTEGER_DIVISION exp
   50    | MINUS exp .
   51    | exp . MODULO exp
   52    | exp . POWER exp
   55    | exp . CONCATENATE exp
   57    | exp . GREATER_THAN exp
   58    | exp . GREATER_OR_EQUAL exp
   59    | exp . LESS_THAN exp
   60    | exp . LESS_OR_EQUAL exp
   61    | exp . EQUAL exp
   62    | exp . NOT_EQUAL exp
   63    | exp . AND exp
   64    | exp . OR exp

    POWER  desplazar e ir al estado 96

    $default  reduce usando la regla 50 (exp)


Estado 79

   43 exp: exp . PLUS exp
   44    | exp . MINUS exp
   45    | exp . MULTIPLICATION exp
   46    | exp . DIVISION exp
   47    | exp . INTEGER_DIVISION exp
   48    | LPAREN exp . RPAREN
   51    | exp . MODULO exp
   52    | exp . POWER exp
   55    | exp . CONCATENATE exp
   57    | exp . GREATER_THAN exp
   58    | exp . GREATER_OR_EQUAL exp
   59    | exp . LESS_THAN exp
   60    | exp . LESS_OR_EQUAL exp
   61    | exp . EQUAL exp
   62    | exp . NOT_EQUAL exp
   63    | exp . AND exp
   64    | exp . OR exp

    OR                desplazar e ir al estado 80
    AND               desplazar e ir al estado 81
    CONCATENATE       desplazar e ir al estado 82
    GREATER_OR_EQUAL  desplazar e ir al estado 83
    LESS_OR_EQUAL     desplazar e ir al estado 84
    GREATER_THAN      desplazar e ir al estado 85
    LESS_THAN         desplazar e ir al estado 86
    EQUAL             desplazar e ir al estado 87
    NOT_EQUAL         desplazar e ir al estado 88
    PLUS              desplazar e ir al estado 89
    MINUS             desplazar e ir al estado 90
    MULTIPLICATION    desplazar e ir al estado 91
    INTEGER_DIVISION  desplazar e ir al estado 92
    DIVISION          desplazar e ir al estado 93
    MODULO            desplazar e ir al estado 94
    RPAREN            desplazar e ir al estado 114
    POWER             desplazar e ir al estado 96


Estado 80

   64 exp: exp OR . exp

    NUMBER    desplazar e ir al estado 45
    STRING    desplazar e ir al estado 46
    VARIABLE  desplazar e ir al estado 47
    CONSTANT  desplazar e ir al estado 48
    BUILTIN   desplazar e ir al estado 49
    NOT       desplazar e ir al estado 50
    PLUS      desplazar e ir al estado 51
    MINUS     desplazar e ir al estado 52
    LPAREN    desplazar e ir al estado 53

    exp  ir al estado 115


Estado 81

   63 exp: exp AND . exp

    NUMBER    desplazar e ir al estado 45
    STRING    desplazar e ir al estado 46
    VARIABLE  desplazar e ir al estado 47
    CONSTANT  desplazar e ir al estado 48
    BUILTIN   desplazar e ir al estado 49
    NOT       desplazar e ir al estado 50
    PLUS      desplazar e ir al estado 51
    MINUS     desplazar e ir al estado 52
    LPAREN    desplazar e ir al estado 53

    exp  ir al estado 116


Estado 82

   55 exp: exp CONCATENATE . exp

    NUMBER    desplazar e ir al estado 45
    STRING    desplazar e ir al estado 46
    VARIABLE  desplazar e ir al estado 47
    CONSTANT  desplazar e ir al estado 48
    BUILTIN   desplazar e ir al estado 49
    NOT       desplazar e ir al estado 50
    PLUS      desplazar e ir al estado 51
    MINUS     desplazar e ir al estado 52
    LPAREN    desplazar e ir al estado 53

    exp  ir al estado 117


Estado 83

   58 exp: exp GREATER_OR_EQUAL . exp

    NUMBER    desplazar e ir al estado 45
    STRING    desplazar e ir al estado 46
    VARIABLE  desplazar e ir al estado 47
    CONSTANT  desplazar e ir al estado 48
    BUILTIN   desplazar e ir al estado 49
    NOT       desplazar e ir al estado 50
    PLUS      desplazar e ir al estado 51
    MINUS     desplazar e ir al estado 52
    LPAREN    desplazar e ir al estado 53

    exp  ir al estado 118


Estado 84

   60 exp: exp LESS_OR_EQUAL . exp

    NUMBER    desplazar e ir al estado 45
    STRING    desplazar e ir al estado 46
    VARIABLE  desplazar e ir al estado 47
    CONSTANT  desplazar e ir al estado 48
    BUILTIN   desplazar e ir al estado 49
    NOT       desplazar e ir al estado 50
    PLUS      desplazar e ir al estado 51
    MINUS     desplazar e ir al estado 52
    LPAREN    desplazar e ir al estado 53

    exp  ir al estado 119


Estado 85

   57 exp: exp GREATER_THAN . exp

    NUMBER    desplazar e ir al estado 45
    STRING    desplazar e ir al estado 46
    VARIABLE  desplazar e ir al estado 47
    CONSTANT  desplazar e ir al estado 48
    BUILTIN   desplazar e ir al estado 49
    NOT       desplazar e ir al estado 50
    PLUS      desplazar e ir al estado 51
    MINUS     desplazar e ir al estado 52
    LPAREN    desplazar e ir al estado 53

    exp  ir al estado 120


Estado 86

   59 exp: exp LESS_THAN . exp

    NUMBER    desplazar e ir al estado 45
    STRING    desplazar e ir al estado 46
    VARIABLE  desplazar e ir al estado 47
    CONSTANT  desplazar e ir al estado 48
    BUILTIN   desplazar e ir al estado 49
    NOT       desplazar e ir al estado 50
    PLUS      desplazar e ir al estado 51
    MINUS     desplazar e ir al estado 52
    LPAREN    desplazar e ir al estado 53

    exp  ir al estado 121


Estado 87

   61 exp: exp EQUAL . exp

    NUMBER    desplazar e ir al estado 45
    STRING    desplazar e ir al estado 46
    VARIABLE  desplazar e ir al estado 47
    CONSTANT  desplazar e ir al estado 48
    BUILTIN   desplazar e ir al estado 49
    NOT       desplazar e ir al estado 50
    PLUS      desplazar e ir al estado 51
    MINUS     desplazar e ir al estado 52
    LPAREN    desplazar e ir al estado 53

    exp  ir al estado 122


Estado 88

   62 exp: exp NOT_EQUAL . exp

    NUMBER    desplazar e ir al estado 45
    STRING    desplazar e ir al estado 46
    VARIABLE  desplazar e ir al estado 47
    CONSTANT  desplazar e ir al estado 48
    BUILTIN   desplazar e ir al estado 49
    NOT       desplazar e ir al estado 50
    PLUS      desplazar e ir al estado 51
    MINUS     desplazar e ir al estado 52
    LPAREN    desplazar e ir al estado 53

    exp  ir al estado 123


Estado 89

   43 exp: exp PLUS . exp

    NUMBER    desplazar e ir al estado 45
    STRING    desplazar e ir al estado 46
    VARIABLE  desplazar e ir al estado 47
    CONSTANT  desplazar e ir al estado 48
    BUILTIN   desplazar e ir al estado 49
    NOT       desplazar e ir al estado 50
    PLUS      desplazar e ir al estado 51
    MINUS     desplazar e ir al estado 52
    LPAREN    desplazar e ir al estado 53

    exp  ir al estado 124


Estado 90

   44 exp: exp MINUS . exp

    NUMBER    desplazar e ir al estado 45
    STRING    desplazar e ir al estado 46
    VARIABLE  desplazar e ir al estado 47
    CONSTANT  desplazar e ir al estado 48
    BUILTIN   desplazar e ir al estado 49
    NOT       desplazar e ir al estado 50
    PLUS      desplazar e ir al estado 51
    MINUS     desplazar e ir al estado 52
    LPAREN    desplazar e ir al estado 53

    exp  ir al estado 125


Estado 91

   45 exp: exp MULTIPLICATION . exp

    NUMBER    desplazar e ir al estado 45
    STRING    desplazar e ir al estado 46
    VARIABLE  desplazar e ir al estado 47
    CONSTANT  desplazar e ir al estado 48
    BUILTIN   desplazar e ir al estado 49
    NOT       desplazar e ir al estado 50
    PLUS      desplazar e ir al estado 51
    MINUS     desplazar e ir al estado 52
    LPAREN    desplazar e ir al estado 53

    exp  ir al estado 126


Estado 92

   47 exp: exp INTEGER_DIVISION . exp

    NUMBER    desplazar e ir al estado 45
    STRING    desplazar e ir al estado 46
    VARIABLE  desplazar e ir al estado 47
    CONSTANT  desplazar e ir al estado 48
    BUILTIN   desplazar e ir al estado 49
    NOT       desplazar e ir al estado 50
    PLUS      desplazar e ir al estado 51
    MINUS     desplazar e ir al estado 52
    LPAREN    desplazar e ir al estado 53

    exp  ir al estado 127


Estado 93

   46 exp: exp DIVISION . exp

    NUMBER    desplazar e ir al estado 45
    STRING    desplazar e ir al estado 46
    VARIABLE  desplazar e ir al estado 47
    CONSTANT  desplazar e ir al estado 48
    BUILTIN   desplazar e ir al estado 49
    NOT       desplazar e ir al estado 50
    PLUS      desplazar e ir al estado 51
    MINUS     desplazar e ir al estado 52
    LPAREN    desplazar e ir al estado 53

    exp  ir al estado 128


Estado 94

   51 exp: exp MODULO . exp

    NUMBER    desplazar e ir al estado 45
    STRING    desplazar e ir al estado 46
    VARIABLE  desplazar e ir al estado 47
    CONSTANT  desplazar e ir al estado 48
    BUILTIN   desplazar e ir al estado 49
    NOT       desplazar e ir al estado 50
    PLUS      desplazar e ir al estado 51
    MINUS     desplazar e ir al estado 52
    LPAREN    desplazar e ir al estado 53

    exp  ir al estado 129


Estado 95

   36 print: PRINT LPAREN exp RPAREN .

    $default  reduce usando la regla 36 (print)


Estado 96

   52 exp: exp POWER . exp

    NUMBER    desplazar e ir al estado 45
    STRING    desplazar e ir al estado 46
    VARIABLE  desplazar e ir al estado 47
    CONSTANT  desplazar e ir al estado 48
    BUILTIN   desplazar e ir al estado 49
    NOT       desplazar e ir al estado 50
    PLUS      desplazar e ir al estado 51
    MINUS     desplazar e ir al estado 52
    LPAREN    desplazar e ir al estado 53

    exp  ir al estado 130


Estado 97

   37 read: READ LPAREN VARIABLE RPAREN .

    $default  reduce usando la regla 37 (read)


Estado 98

   39 read: READ LPAREN CONSTANT RPAREN .

    $default  reduce usando la regla 39 (read)


Estado 99

   38 read: READ_STRING LPAREN VARIABLE RPAREN .

    $default  reduce usando la regla 38 (read)


Estado 100

   40 read: READ_STRING LPAREN CONSTANT RPAREN .

    $default  reduce usando la regla 40 (read)


Estado 101

   29 cond: LPAREN exp RPAREN .

    $default  reduce usando la regla 29 (cond)


Estado 102

    3 stmtlist: stmtlist . stmt
    4         | stmtlist . error
   16 if: IF cond THEN stmtlist . ENDIF
   17   | IF cond THEN stmtlist . ELSE stmtlist ENDIF

    error        desplazar e ir al estado 4
    SEMICOLON    desplazar e ir al estado 5
    PRINT        desplazar e ir al estado 6
    READ         desplazar e ir al estado 7
    READ_STRING  desplazar e ir al estado 8
    IF           desplazar e ir al estado 9
    ELSE         desplazar e ir al estado 131
    ENDIF        desplazar e ir al estado 132
    WHILE        desplazar e ir al estado 10
    REPEAT       desplazar e ir al estado 11
    FOR          desplazar e ir al estado 12
    ERASE        desplazar e ir al estado 13
    PLACE        desplazar e ir al estado 14
    VARIABLE     desplazar e ir al estado 15
    CONSTANT     desplazar e ir al estado 16

    stmt    ir al estado 17
    if      ir al estado 18
    while   ir al estado 19
    repeat  ir al estado 20
    for     ir al estado 21
    erase   ir al estado 22
    place   ir al estado 23
    asgn    ir al estado 24
    print   ir al estado 25
    read    ir al estado 26


Estado 103

   19 if: IF cond stmtlist ELSE . stmtlist ENDIF

    $default  reduce usando la regla 2 (stmtlist)

    stmtlist  ir al estado 133


Estado 104

   18 if: IF cond stmtlist ENDIF .

    $default  reduce usando la regla 18 (if)


Estado 105

    3 stmtlist: stmtlist . stmt
    4         | stmtlist . error
   20 while: WHILE cond DO stmtlist . ENDWHILE

    error        desplazar e ir al estado 4
    SEMICOLON    desplazar e ir al estado 5
    PRINT        desplazar e ir al estado 6
    READ         desplazar e ir al estado 7
    READ_STRING  desplazar e ir al estado 8
    IF           desplazar e ir al estado 9
    WHILE        desplazar e ir al estado 10
    ENDWHILE     desplazar e ir al estado 134
    REPEAT       desplazar e ir al estado 11
    FOR          desplazar e ir al estado 12
    ERASE        desplazar e ir al estado 13
    PLACE        desplazar e ir al estado 14
    VARIABLE     desplazar e ir al estado 15
    CONSTANT     desplazar e ir al estado 16

    stmt    ir al estado 17
    if      ir al estado 18
    while   ir al estado 19
    repeat  ir al estado 20
    for     ir al estado 21
    erase   ir al estado 22
    place   ir al estado 23
    asgn    ir al estado 24
    print   ir al estado 25
    read    ir al estado 26


Estado 106

   21 while: WHILE cond stmtlist ENDWHILE .

    $default  reduce usando la regla 21 (while)


Estado 107

   22 repeat: REPEAT stmtlist UNTIL cond .

    $default  reduce usando la regla 22 (repeat)


Estado 108

   27 for: FOR NUMBER FROM exp . UNTIL exp DO stmtlist ENDFOR
   28    | FOR NUMBER FROM exp . UNTIL exp STEP exp DO stmtlist ENDFOR
   43 exp: exp . PLUS exp
   44    | exp . MINUS exp
   45    | exp . MULTIPLICATION exp
   46    | exp . DIVISION exp
   47    | exp . INTEGER_DIVISION exp
   51    | exp . MODULO exp
   52    | exp . POWER exp
   55    | exp . CONCATENATE exp
   57    | exp . GREATER_THAN exp
   58    | exp . GREATER_OR_EQUAL exp
   59    | exp . LESS_THAN exp
   60    | exp . LESS_OR_EQUAL exp
   61    | exp . EQUAL exp
   62    | exp . NOT_EQUAL exp
   63    | exp . AND exp
   64    | exp . OR exp

    UNTIL             desplazar e ir al estado 135
    OR                desplazar e ir al estado 80
    AND               desplazar e ir al estado 81
    CONCATENATE       desplazar e ir al estado 82
    GREATER_OR_EQUAL  desplazar e ir al estado 83
    LESS_OR_EQUAL     desplazar e ir al estado 84
    GREATER_THAN      desplazar e ir al estado 85
    LESS_THAN         desplazar e ir al estado 86
    EQUAL             desplazar e ir al estado 87
    NOT_EQUAL         desplazar e ir al estado 88
    PLUS              desplazar e ir al estado 89
    MINUS             desplazar e ir al estado 90
    MULTIPLICATION    desplazar e ir al estado 91
    INTEGER_DIVISION  desplazar e ir al estado 92
    DIVISION          desplazar e ir al estado 93
    MODULO            desplazar e ir al estado 94
    POWER             desplazar e ir al estado 96


Estado 109

   25 for: FOR STRING FROM exp . UNTIL exp DO stmtlist ENDFOR
   26    | FOR STRING FROM exp . UNTIL exp STEP exp DO stmtlist ENDFOR
   43 exp: exp . PLUS exp
   44    | exp . MINUS exp
   45    | exp . MULTIPLICATION exp
   46    | exp . DIVISION exp
   47    | exp . INTEGER_DIVISION exp
   51    | exp . MODULO exp
   52    | exp . POWER exp
   55    | exp . CONCATENATE exp
   57    | exp . GREATER_THAN exp
   58    | exp . GREATER_OR_EQUAL exp
   59    | exp . LESS_THAN exp
   60    | exp . LESS_OR_EQUAL exp
   61    | exp . EQUAL exp
   62    | exp . NOT_EQUAL exp
   63    | exp . AND exp
   64    | exp . OR exp

    UNTIL             desplazar e ir al estado 136
    OR                desplazar e ir al estado 80
    AND               desplazar e ir al estado 81
    CONCATENATE       desplazar e ir al estado 82
    GREATER_OR_EQUAL  desplazar e ir al estado 83
    LESS_OR_EQUAL     desplazar e ir al estado 84
    GREATER_THAN      desplazar e ir al estado 85
    LESS_THAN         desplazar e ir al estado 86
    EQUAL             desplazar e ir al estado 87
    NOT_EQUAL         desplazar e ir al estado 88
    PLUS              desplazar e ir al estado 89
    MINUS             desplazar e ir al estado 90
    MULTIPLICATION    desplazar e ir al estado 91
    INTEGER_DIVISION  desplazar e ir al estado 92
    DIVISION          desplazar e ir al estado 93
    MODULO            desplazar e ir al estado 94
    POWER             desplazar e ir al estado 96


Estado 110

   23 for: FOR VARIABLE FROM exp . UNTIL exp STEP exp DO stmtlist ENDFOR
   24    | FOR VARIABLE FROM exp . UNTIL exp DO stmtlist ENDFOR
   43 exp: exp . PLUS exp
   44    | exp . MINUS exp
   45    | exp . MULTIPLICATION exp
   46    | exp . DIVISION exp
   47    | exp . INTEGER_DIVISION exp
   51    | exp . MODULO exp
   52    | exp . POWER exp
   55    | exp . CONCATENATE exp
   57    | exp . GREATER_THAN exp
   58    | exp . GREATER_OR_EQUAL exp
   59    | exp . LESS_THAN exp
   60    | exp . LESS_OR_EQUAL exp
   61    | exp . EQUAL exp
   62    | exp . NOT_EQUAL exp
   63    | exp . AND exp
   64    | exp . OR exp

    UNTIL             desplazar e ir al estado 137
    OR                desplazar e ir al estado 80
    AND               desplazar e ir al estado 81
    CONCATENATE       desplazar e ir al estado 82
    GREATER_OR_EQUAL  desplazar e ir al estado 83
    LESS_OR_EQUAL     desplazar e ir al estado 84
    GREATER_THAN      desplazar e ir al estado 85
    LESS_THAN         desplazar e ir al estado 86
    EQUAL             desplazar e ir al estado 87
    NOT_EQUAL         desplazar e ir al estado 88
    PLUS              desplazar e ir al estado 89
    MINUS             desplazar e ir al estado 90
    MULTIPLICATION    desplazar e ir al estado 91
    INTEGER_DIVISION  desplazar e ir al estado 92
    DIVISION          desplazar e ir al estado 93
    MODULO            desplazar e ir al estado 94
    POWER             desplazar e ir al estado 96


Estado 111

   31 place: PLACE LPAREN exp COMMA . exp RPAREN

    NUMBER    desplazar e ir al estado 45
    STRING    desplazar e ir al estado 46
    VARIABLE  desplazar e ir al estado 47
    CONSTANT  desplazar e ir al estado 48
    BUILTIN   desplazar e ir al estado 49
    NOT       desplazar e ir al estado 50
    PLUS      desplazar e ir al estado 51
    MINUS     desplazar e ir al estado 52
    LPAREN    desplazar e ir al estado 53

    exp  ir al estado 138


Estado 112

   43 exp: exp . PLUS exp
   44    | exp . MINUS exp
   45    | exp . MULTIPLICATION exp
   46    | exp . DIVISION exp
   47    | exp . INTEGER_DIVISION exp
   51    | exp . MODULO exp
   52    | exp . POWER exp
   55    | exp . CONCATENATE exp
   57    | exp . GREATER_THAN exp
   58    | exp . GREATER_OR_EQUAL exp
   59    | exp . LESS_THAN exp
   60    | exp . LESS_OR_EQUAL exp
   61    | exp . EQUAL exp
   62    | exp . NOT_EQUAL exp
   63    | exp . AND exp
   64    | exp . OR exp
   67 listOfExp: exp . restOfListOfExp

    COMMA             desplazar e ir al estado 139
    OR                desplazar e ir al estado 80
    AND               desplazar e ir al estado 81
    CONCATENATE       desplazar e ir al estado 82
    GREATER_OR_EQUAL  desplazar e ir al estado 83
    LESS_OR_EQUAL     desplazar e ir al estado 84
    GREATER_THAN      desplazar e ir al estado 85
    LESS_THAN         desplazar e ir al estado 86
    EQUAL             desplazar e ir al estado 87
    NOT_EQUAL         desplazar e ir al estado 88
    PLUS              desplazar e ir al estado 89
    MINUS             desplazar e ir al estado 90
    MULTIPLICATION    desplazar e ir al estado 91
    INTEGER_DIVISION  desplazar e ir al estado 92
    DIVISION          desplazar e ir al estado 93
    MODULO            desplazar e ir al estado 94
    POWER             desplazar e ir al estado 96

    $default  reduce usando la regla 68 (restOfListOfExp)

    restOfListOfExp  ir al estado 140


Estado 113

   56 exp: BUILTIN LPAREN listOfExp . RPAREN

    RPAREN  desplazar e ir al estado 141


Estado 114

   48 exp: LPAREN exp RPAREN .

    $default  reduce usando la regla 48 (exp)


Estado 115

   43 exp: exp . PLUS exp
   44    | exp . MINUS exp
   45    | exp . MULTIPLICATION exp
   46    | exp . DIVISION exp
   47    | exp . INTEGER_DIVISION exp
   51    | exp . MODULO exp
   52    | exp . POWER exp
   55    | exp . CONCATENATE exp
   57    | exp . GREATER_THAN exp
   58    | exp . GREATER_OR_EQUAL exp
   59    | exp . LESS_THAN exp
   60    | exp . LESS_OR_EQUAL exp
   61    | exp . EQUAL exp
   62    | exp . NOT_EQUAL exp
   63    | exp . AND exp
   64    | exp . OR exp
   64    | exp OR exp .

    AND               desplazar e ir al estado 81
    CONCATENATE       desplazar e ir al estado 82
    GREATER_OR_EQUAL  desplazar e ir al estado 83
    LESS_OR_EQUAL     desplazar e ir al estado 84
    GREATER_THAN      desplazar e ir al estado 85
    LESS_THAN         desplazar e ir al estado 86
    EQUAL             desplazar e ir al estado 87
    NOT_EQUAL         desplazar e ir al estado 88
    PLUS              desplazar e ir al estado 89
    MINUS             desplazar e ir al estado 90
    MULTIPLICATION    desplazar e ir al estado 91
    INTEGER_DIVISION  desplazar e ir al estado 92
    DIVISION          desplazar e ir al estado 93
    MODULO            desplazar e ir al estado 94
    POWER             desplazar e ir al estado 96

    $default  reduce usando la regla 64 (exp)


Estado 116

   43 exp: exp . PLUS exp
   44    | exp . MINUS exp
   45    | exp . MULTIPLICATION exp
   46    | exp . DIVISION exp
   47    | exp . INTEGER_DIVISION exp
   51    | exp . MODULO exp
   52    | exp . POWER exp
   55    | exp . CONCATENATE exp
   57    | exp . GREATER_THAN exp
   58    | exp . GREATER_OR_EQUAL exp
   59    | exp . LESS_THAN exp
   60    | exp . LESS_OR_EQUAL exp
   61    | exp . EQUAL exp
   62    | exp . NOT_EQUAL exp
   63    | exp . AND exp
   63    | exp AND exp .
   64    | exp . OR exp

    CONCATENATE       desplazar e ir al estado 82
    GREATER_OR_EQUAL  desplazar e ir al estado 83
    LESS_OR_EQUAL     desplazar e ir al estado 84
    GREATER_THAN      desplazar e ir al estado 85
    LESS_THAN         desplazar e ir al estado 86
    EQUAL             desplazar e ir al estado 87
    NOT_EQUAL         desplazar e ir al estado 88
    PLUS              desplazar e ir al estado 89
    MINUS             desplazar e ir al estado 90
    MULTIPLICATION    desplazar e ir al estado 91
    INTEGER_DIVISION  desplazar e ir al estado 92
    DIVISION          desplazar e ir al estado 93
    MODULO            desplazar e ir al estado 94
    POWER             desplazar e ir al estado 96

    $default  reduce usando la regla 63 (exp)


Estado 117

   43 exp: exp . PLUS exp
   44    | exp . MINUS exp
   45    | exp . MULTIPLICATION exp
   46    | exp . DIVISION exp
   47    | exp . INTEGER_DIVISION exp
   51    | exp . MODULO exp
   52    | exp . POWER exp
   55    | exp . CONCATENATE exp
   55    | exp CONCATENATE exp .
   57    | exp . GREATER_THAN exp
   58    | exp . GREATER_OR_EQUAL exp
   59    | exp . LESS_THAN exp
   60    | exp . LESS_OR_EQUAL exp
   61    | exp . EQUAL exp
   62    | exp . NOT_EQUAL exp
   63    | exp . AND exp
   64    | exp . OR exp

    GREATER_OR_EQUAL  desplazar e ir al estado 83
    LESS_OR_EQUAL     desplazar e ir al estado 84
    GREATER_THAN      desplazar e ir al estado 85
    LESS_THAN         desplazar e ir al estado 86
    EQUAL             desplazar e ir al estado 87
    NOT_EQUAL         desplazar e ir al estado 88
    PLUS              desplazar e ir al estado 89
    MINUS             desplazar e ir al estado 90
    MULTIPLICATION    desplazar e ir al estado 91
    INTEGER_DIVISION  desplazar e ir al estado 92
    DIVISION          desplazar e ir al estado 93
    MODULO            desplazar e ir al estado 94
    POWER             desplazar e ir al estado 96

    $default  reduce usando la regla 55 (exp)


Estado 118

   43 exp: exp . PLUS exp
   44    | exp . MINUS exp
   45    | exp . MULTIPLICATION exp
   46    | exp . DIVISION exp
   47    | exp . INTEGER_DIVISION exp
   51    | exp . MODULO exp
   52    | exp . POWER exp
   55    | exp . CONCATENATE exp
   57    | exp . GREATER_THAN exp
   58    | exp . GREATER_OR_EQUAL exp
   58    | exp GREATER_OR_EQUAL exp .
   59    | exp . LESS_THAN exp
   60    | exp . LESS_OR_EQUAL exp
   61    | exp . EQUAL exp
   62    | exp . NOT_EQUAL exp
   63    | exp . AND exp
   64    | exp . OR exp

    PLUS              desplazar e ir al estado 89
    MINUS             desplazar e ir al estado 90
    MULTIPLICATION    desplazar e ir al estado 91
    INTEGER_DIVISION  desplazar e ir al estado 92
    DIVISION          desplazar e ir al estado 93
    MODULO            desplazar e ir al estado 94
    POWER             desplazar e ir al estado 96

    GREATER_OR_EQUAL  error (no asociativo)
    LESS_OR_EQUAL     error (no asociativo)
    GREATER_THAN      error (no asociativo)
    LESS_THAN         error (no asociativo)
    EQUAL             error (no asociativo)
    NOT_EQUAL         error (no asociativo)

    $default  reduce usando la regla 58 (exp)


Estado 119

   43 exp: exp . PLUS exp
   44    | exp . MINUS exp
   45    | exp . MULTIPLICATION exp
   46    | exp . DIVISION exp
   47    | exp . INTEGER_DIVISION exp
   51    | exp . MODULO exp
   52    | exp . POWER exp
   55    | exp . CONCATENATE exp
   57    | exp . GREATER_THAN exp
   58    | exp . GREATER_OR_EQUAL exp
   59    | exp . LESS_THAN exp
   60    | exp . LESS_OR_EQUAL exp
   60    | exp LESS_OR_EQUAL exp .
   61    | exp . EQUAL exp
   62    | exp . NOT_EQUAL exp
   63    | exp . AND exp
   64    | exp . OR exp

    PLUS              desplazar e ir al estado 89
    MINUS             desplazar e ir al estado 90
    MULTIPLICATION    desplazar e ir al estado 91
    INTEGER_DIVISION  desplazar e ir al estado 92
    DIVISION          desplazar e ir al estado 93
    MODULO            desplazar e ir al estado 94
    POWER             desplazar e ir al estado 96

    GREATER_OR_EQUAL  error (no asociativo)
    LESS_OR_EQUAL     error (no asociativo)
    GREATER_THAN      error (no asociativo)
    LESS_THAN         error (no asociativo)
    EQUAL             error (no asociativo)
    NOT_EQUAL         error (no asociativo)

    $default  reduce usando la regla 60 (exp)


Estado 120

   43 exp: exp . PLUS exp
   44    | exp . MINUS exp
   45    | exp . MULTIPLICATION exp
   46    | exp . DIVISION exp
   47    | exp . INTEGER_DIVISION exp
   51    | exp . MODULO exp
   52    | exp . POWER exp
   55    | exp . CONCATENATE exp
   57    | exp . GREATER_THAN exp
   57    | exp GREATER_THAN exp .
   58    | exp . GREATER_OR_EQUAL exp
   59    | exp . LESS_THAN exp
   60    | exp . LESS_OR_EQUAL exp
   61    | exp . EQUAL exp
   62    | exp . NOT_EQUAL exp
   63    | exp . AND exp
   64    | exp . OR exp

    PLUS              desplazar e ir al estado 89
    MINUS             desplazar e ir al estado 90
    MULTIPLICATION    desplazar e ir al estado 91
    INTEGER_DIVISION  desplazar e ir al estado 92
    DIVISION          desplazar e ir al estado 93
    MODULO            desplazar e ir al estado 94
    POWER             desplazar e ir al estado 96

    GREATER_OR_EQUAL  error (no asociativo)
    LESS_OR_EQUAL     error (no asociativo)
    GREATER_THAN      error (no asociativo)
    LESS_THAN         error (no asociativo)
    EQUAL             error (no asociativo)
    NOT_EQUAL         error (no asociativo)

    $default  reduce usando la regla 57 (exp)


Estado 121

   43 exp: exp . PLUS exp
   44    | exp . MINUS exp
   45    | exp . MULTIPLICATION exp
   46    | exp . DIVISION exp
   47    | exp . INTEGER_DIVISION exp
   51    | exp . MODULO exp
   52    | exp . POWER exp
   55    | exp . CONCATENATE exp
   57    | exp . GREATER_THAN exp
   58    | exp . GREATER_OR_EQUAL exp
   59    | exp . LESS_THAN exp
   59    | exp LESS_THAN exp .
   60    | exp . LESS_OR_EQUAL exp
   61    | exp . EQUAL exp
   62    | exp . NOT_EQUAL exp
   63    | exp . AND exp
   64    | exp . OR exp

    PLUS              desplazar e ir al estado 89
    MINUS             desplazar e ir al estado 90
    MULTIPLICATION    desplazar e ir al estado 91
    INTEGER_DIVISION  desplazar e ir al estado 92
    DIVISION          desplazar e ir al estado 93
    MODULO            desplazar e ir al estado 94
    POWER             desplazar e ir al estado 96

    GREATER_OR_EQUAL  error (no asociativo)
    LESS_OR_EQUAL     error (no asociativo)
    GREATER_THAN      error (no asociativo)
    LESS_THAN         error (no asociativo)
    EQUAL             error (no asociativo)
    NOT_EQUAL         error (no asociativo)

    $default  reduce usando la regla 59 (exp)


Estado 122

   43 exp: exp . PLUS exp
   44    | exp . MINUS exp
   45    | exp . MULTIPLICATION exp
   46    | exp . DIVISION exp
   47    | exp . INTEGER_DIVISION exp
   51    | exp . MODULO exp
   52    | exp . POWER exp
   55    | exp . CONCATENATE exp
   57    | exp . GREATER_THAN exp
   58    | exp . GREATER_OR_EQUAL exp
   59    | exp . LESS_THAN exp
   60    | exp . LESS_OR_EQUAL exp
   61    | exp . EQUAL exp
   61    | exp EQUAL exp .
   62    | exp . NOT_EQUAL exp
   63    | exp . AND exp
   64    | exp . OR exp

    PLUS              desplazar e ir al estado 89
    MINUS             desplazar e ir al estado 90
    MULTIPLICATION    desplazar e ir al estado 91
    INTEGER_DIVISION  desplazar e ir al estado 92
    DIVISION          desplazar e ir al estado 93
    MODULO            desplazar e ir al estado 94
    POWER             desplazar e ir al estado 96

    GREATER_OR_EQUAL  error (no asociativo)
    LESS_OR_EQUAL     error (no asociativo)
    GREATER_THAN      error (no asociativo)
    LESS_THAN         error (no asociativo)
    EQUAL             error (no asociativo)
    NOT_EQUAL         error (no asociativo)

    $default  reduce usando la regla 61 (exp)


Estado 123

   43 exp: exp . PLUS exp
   44    | exp . MINUS exp
   45    | exp . MULTIPLICATION exp
   46    | exp . DIVISION exp
   47    | exp . INTEGER_DIVISION exp
   51    | exp . MODULO exp
   52    | exp . POWER exp
   55    | exp . CONCATENATE exp
   57    | exp . GREATER_THAN exp
   58    | exp . GREATER_OR_EQUAL exp
   59    | exp . LESS_THAN exp
   60    | exp . LESS_OR_EQUAL exp
   61    | exp . EQUAL exp
   62    | exp . NOT_EQUAL exp
   62    | exp NOT_EQUAL exp .
   63    | exp . AND exp
   64    | exp . OR exp

    PLUS              desplazar e ir al estado 89
    MINUS             desplazar e ir al estado 90
    MULTIPLICATION    desplazar e ir al estado 91
    INTEGER_DIVISION  desplazar e ir al estado 92
    DIVISION          desplazar e ir al estado 93
    MODULO            desplazar e ir al estado 94
    POWER             desplazar e ir al estado 96

    GREATER_OR_EQUAL  error (no asociativo)
    LESS_OR_EQUAL     error (no asociativo)
    GREATER_THAN      error (no asociativo)
    LESS_THAN         error (no asociativo)
    EQUAL             error (no asociativo)
    NOT_EQUAL         error (no asociativo)

    $default  reduce usando la regla 62 (exp)


Estado 124

   43 exp: exp . PLUS exp
   43    | exp PLUS exp .
   44    | exp . MINUS exp
   45    | exp . MULTIPLICATION exp
   46    | exp . DIVISION exp
   47    | exp . INTEGER_DIVISION exp
   51    | exp . MODULO exp
   52    | exp . POWER exp
   55    | exp . CONCATENATE exp
   57    | exp . GREATER_THAN exp
   58    | exp . GREATER_OR_EQUAL exp
   59    | exp . LESS_THAN exp
   60    | exp . LESS_OR_EQUAL exp
   61    | exp . EQUAL exp
   62    | exp . NOT_EQUAL exp
   63    | exp . AND exp
   64    | exp . OR exp

    MULTIPLICATION    desplazar e ir al estado 91
    INTEGER_DIVISION  desplazar e ir al estado 92
    DIVISION          desplazar e ir al estado 93
    MODULO            desplazar e ir al estado 94
    POWER             desplazar e ir al estado 96

    $default  reduce usando la regla 43 (exp)


Estado 125

   43 exp: exp . PLUS exp
   44    | exp . MINUS exp
   44    | exp MINUS exp .
   45    | exp . MULTIPLICATION exp
   46    | exp . DIVISION exp
   47    | exp . INTEGER_DIVISION exp
   51    | exp . MODULO exp
   52    | exp . POWER exp
   55    | exp . CONCATENATE exp
   57    | exp . GREATER_THAN exp
   58    | exp . GREATER_OR_EQUAL exp
   59    | exp . LESS_THAN exp
   60    | exp . LESS_OR_EQUAL exp
   61    | exp . EQUAL exp
   62    | exp . NOT_EQUAL exp
   63    | exp . AND exp
   64    | exp . OR exp

    MULTIPLICATION    desplazar e ir al estado 91
    INTEGER_DIVISION  desplazar e ir al estado 92
    DIVISION          desplazar e ir al estado 93
    MODULO            desplazar e ir al estado 94
    POWER             desplazar e ir al estado 96

    $default  reduce usando la regla 44 (exp)


Estado 126

   43 exp: exp . PLUS exp
   44    | exp . MINUS exp
   45    | exp . MULTIPLICATION exp
   45    | exp MULTIPLICATION exp .
   46    | exp . DIVISION exp
   47    | exp . INTEGER_DIVISION exp
   51    | exp . MODULO exp
   52    | exp . POWER exp
   55    | exp . CONCATENATE exp
   57    | exp . GREATER_THAN exp
   58    | exp . GREATER_OR_EQUAL exp
   59    | exp . LESS_THAN exp
   60    | exp . LESS_OR_EQUAL exp
   61    | exp . EQUAL exp
   62    | exp . NOT_EQUAL exp
   63    | exp . AND exp
   64    | exp . OR exp

    POWER  desplazar e ir al estado 96

    $default  reduce usando la regla 45 (exp)


Estado 127

   43 exp: exp . PLUS exp
   44    | exp . MINUS exp
   45    | exp . MULTIPLICATION exp
   46    | exp . DIVISION exp
   47    | exp . INTEGER_DIVISION exp
   47    | exp INTEGER_DIVISION exp .
   51    | exp . MODULO exp
   52    | exp . POWER exp
   55    | exp . CONCATENATE exp
   57    | exp . GREATER_THAN exp
   58    | exp . GREATER_OR_EQUAL exp
   59    | exp . LESS_THAN exp
   60    | exp . LESS_OR_EQUAL exp
   61    | exp . EQUAL exp
   62    | exp . NOT_EQUAL exp
   63    | exp . AND exp
   64    | exp . OR exp

    POWER  desplazar e ir al estado 96

    $default  reduce usando la regla 47 (exp)


Estado 128

   43 exp: exp . PLUS exp
   44    | exp . MINUS exp
   45    | exp . MULTIPLICATION exp
   46    | exp . DIVISION exp
   46    | exp DIVISION exp .
   47    | exp . INTEGER_DIVISION exp
   51    | exp . MODULO exp
   52    | exp . POWER exp
   55    | exp . CONCATENATE exp
   57    | exp . GREATER_THAN exp
   58    | exp . GREATER_OR_EQUAL exp
   59    | exp . LESS_THAN exp
   60    | exp . LESS_OR_EQUAL exp
   61    | exp . EQUAL exp
   62    | exp . NOT_EQUAL exp
   63    | exp . AND exp
   64    | exp . OR exp

    POWER  desplazar e ir al estado 96

    $default  reduce usando la regla 46 (exp)


Estado 129

   43 exp: exp . PLUS exp
   44    | exp . MINUS exp
   45    | exp . MULTIPLICATION exp
   46    | exp . DIVISION exp
   47    | exp . INTEGER_DIVISION exp
   51    | exp . MODULO exp
   51    | exp MODULO exp .
   52    | exp . POWER exp
   55    | exp . CONCATENATE exp
   57    | exp . GREATER_THAN exp
   58    | exp . GREATER_OR_EQUAL exp
   59    | exp . LESS_THAN exp
   60    | exp . LESS_OR_EQUAL exp
   61    | exp . EQUAL exp
   62    | exp . NOT_EQUAL exp
   63    | exp . AND exp
   64    | exp . OR exp

    POWER  desplazar e ir al estado 96

    $default  reduce usando la regla 51 (exp)


Estado 130

   43 exp: exp . PLUS exp
   44    | exp . MINUS exp
   45    | exp . MULTIPLICATION exp
   46    | exp . DIVISION exp
   47    | exp . INTEGER_DIVISION exp
   51    | exp . MODULO exp
   52    | exp . POWER exp
   52    | exp POWER exp .
   55    | exp . CONCATENATE exp
   57    | exp . GREATER_THAN exp
   58    | exp . GREATER_OR_EQUAL exp
   59    | exp . LESS_THAN exp
   60    | exp . LESS_OR_EQUAL exp
   61    | exp . EQUAL exp
   62    | exp . NOT_EQUAL exp
   63    | exp . AND exp
   64    | exp . OR exp

    POWER  desplazar e ir al estado 96

    $default  reduce usando la regla 52 (exp)


Estado 131

   17 if: IF cond THEN stmtlist ELSE . stmtlist ENDIF

    $default  reduce usando la regla 2 (stmtlist)

    stmtlist  ir al estado 142


Estado 132

   16 if: IF cond THEN stmtlist ENDIF .

    $default  reduce usando la regla 16 (if)


Estado 133

    3 stmtlist: stmtlist . stmt
    4         | stmtlist . error
   19 if: IF cond stmtlist ELSE stmtlist . ENDIF

    error        desplazar e ir al estado 4
    SEMICOLON    desplazar e ir al estado 5
    PRINT        desplazar e ir al estado 6
    READ         desplazar e ir al estado 7
    READ_STRING  desplazar e ir al estado 8
    IF           desplazar e ir al estado 9
    ENDIF        desplazar e ir al estado 143
    WHILE        desplazar e ir al estado 10
    REPEAT       desplazar e ir al estado 11
    FOR          desplazar e ir al estado 12
    ERASE        desplazar e ir al estado 13
    PLACE        desplazar e ir al estado 14
    VARIABLE     desplazar e ir al estado 15
    CONSTANT     desplazar e ir al estado 16

    stmt    ir al estado 17
    if      ir al estado 18
    while   ir al estado 19
    repeat  ir al estado 20
    for     ir al estado 21
    erase   ir al estado 22
    place   ir al estado 23
    asgn    ir al estado 24
    print   ir al estado 25
    read    ir al estado 26


Estado 134

   20 while: WHILE cond DO stmtlist ENDWHILE .

    $default  reduce usando la regla 20 (while)


Estado 135

   27 for: FOR NUMBER FROM exp UNTIL . exp DO stmtlist ENDFOR
   28    | FOR NUMBER FROM exp UNTIL . exp STEP exp DO stmtlist ENDFOR

    NUMBER    desplazar e ir al estado 45
    STRING    desplazar e ir al estado 46
    VARIABLE  desplazar e ir al estado 47
    CONSTANT  desplazar e ir al estado 48
    BUILTIN   desplazar e ir al estado 49
    NOT       desplazar e ir al estado 50
    PLUS      desplazar e ir al estado 51
    MINUS     desplazar e ir al estado 52
    LPAREN    desplazar e ir al estado 53

    exp  ir al estado 144


Estado 136

   25 for: FOR STRING FROM exp UNTIL . exp DO stmtlist ENDFOR
   26    | FOR STRING FROM exp UNTIL . exp STEP exp DO stmtlist ENDFOR

    NUMBER    desplazar e ir al estado 45
    STRING    desplazar e ir al estado 46
    VARIABLE  desplazar e ir al estado 47
    CONSTANT  desplazar e ir al estado 48
    BUILTIN   desplazar e ir al estado 49
    NOT       desplazar e ir al estado 50
    PLUS      desplazar e ir al estado 51
    MINUS     desplazar e ir al estado 52
    LPAREN    desplazar e ir al estado 53

    exp  ir al estado 145


Estado 137

   23 for: FOR VARIABLE FROM exp UNTIL . exp STEP exp DO stmtlist ENDFOR
   24    | FOR VARIABLE FROM exp UNTIL . exp DO stmtlist ENDFOR

    NUMBER    desplazar e ir al estado 45
    STRING    desplazar e ir al estado 46
    VARIABLE  desplazar e ir al estado 47
    CONSTANT  desplazar e ir al estado 48
    BUILTIN   desplazar e ir al estado 49
    NOT       desplazar e ir al estado 50
    PLUS      desplazar e ir al estado 51
    MINUS     desplazar e ir al estado 52
    LPAREN    desplazar e ir al estado 53

    exp  ir al estado 146


Estado 138

   31 place: PLACE LPAREN exp COMMA exp . RPAREN
   43 exp: exp . PLUS exp
   44    | exp . MINUS exp
   45    | exp . MULTIPLICATION exp
   46    | exp . DIVISION exp
   47    | exp . INTEGER_DIVISION exp
   51    | exp . MODULO exp
   52    | exp . POWER exp
   55    | exp . CONCATENATE exp
   57    | exp . GREATER_THAN exp
   58    | exp . GREATER_OR_EQUAL exp
   59    | exp . LESS_THAN exp
   60    | exp . LESS_OR_EQUAL exp
   61    | exp . EQUAL exp
   62    | exp . NOT_EQUAL exp
   63    | exp . AND exp
   64    | exp . OR exp

    OR                desplazar e ir al estado 80
    AND               desplazar e ir al estado 81
    CONCATENATE       desplazar e ir al estado 82
    GREATER_OR_EQUAL  desplazar e ir al estado 83
    LESS_OR_EQUAL     desplazar e ir al estado 84
    GREATER_THAN      desplazar e ir al estado 85
    LESS_THAN         desplazar e ir al estado 86
    EQUAL             desplazar e ir al estado 87
    NOT_EQUAL         desplazar e ir al estado 88
    PLUS              desplazar e ir al estado 89
    MINUS             desplazar e ir al estado 90
    MULTIPLICATION    desplazar e ir al estado 91
    INTEGER_DIVISION  desplazar e ir al estado 92
    DIVISION          desplazar e ir al estado 93
    MODULO            desplazar e ir al estado 94
    RPAREN            desplazar e ir al estado 147
    POWER             desplazar e ir al estado 96


Estado 139

   69 restOfListOfExp: COMMA . exp restOfListOfExp

    NUMBER    desplazar e ir al estado 45
    STRING    desplazar e ir al estado 46
    VARIABLE  desplazar e ir al estado 47
    CONSTANT  desplazar e ir al estado 48
    BUILTIN   desplazar e ir al estado 49
    NOT       desplazar e ir al estado 50
    PLUS      desplazar e ir al estado 51
    MINUS     desplazar e ir al estado 52
    LPAREN    desplazar e ir al estado 53

    exp  ir al estado 148


Estado 140

   67 listOfExp: exp restOfListOfExp .

    $default  reduce usando la regla 67 (listOfExp)


Estado 141

   56 exp: BUILTIN LPAREN listOfExp RPAREN .

    $default  reduce usando la regla 56 (exp)


Estado 142

    3 stmtlist: stmtlist . stmt
    4         | stmtlist . error
   17 if: IF cond THEN stmtlist ELSE stmtlist . ENDIF

    error        desplazar e ir al estado 4
    SEMICOLON    desplazar e ir al estado 5
    PRINT        desplazar e ir al estado 6
    READ         desplazar e ir al estado 7
    READ_STRING  desplazar e ir al estado 8
    IF           desplazar e ir al estado 9
    ENDIF        desplazar e ir al estado 149
    WHILE        desplazar e ir al estado 10
    REPEAT       desplazar e ir al estado 11
    FOR          desplazar e ir al estado 12
    ERASE        desplazar e ir al estado 13
    PLACE        desplazar e ir al estado 14
    VARIABLE     desplazar e ir al estado 15
    CONSTANT     desplazar e ir al estado 16

    stmt    ir al estado 17
    if      ir al estado 18
    while   ir al estado 19
    repeat  ir al estado 20
    for     ir al estado 21
    erase   ir al estado 22
    place   ir al estado 23
    asgn    ir al estado 24
    print   ir al estado 25
    read    ir al estado 26


Estado 143

   19 if: IF cond stmtlist ELSE stmtlist ENDIF .

    $default  reduce usando la regla 19 (if)


Estado 144

   27 for: FOR NUMBER FROM exp UNTIL exp . DO stmtlist ENDFOR
   28    | FOR NUMBER FROM exp UNTIL exp . STEP exp DO stmtlist ENDFOR
   43 exp: exp . PLUS exp
   44    | exp . MINUS exp
   45    | exp . MULTIPLICATION exp
   46    | exp . DIVISION exp
   47    | exp . INTEGER_DIVISION exp
   51    | exp . MODULO exp
   52    | exp . POWER exp
   55    | exp . CONCATENATE exp
   57    | exp . GREATER_THAN exp
   58    | exp . GREATER_OR_EQUAL exp
   59    | exp . LESS_THAN exp
   60    | exp . LESS_OR_EQUAL exp
   61    | exp . EQUAL exp
   62    | exp . NOT_EQUAL exp
   63    | exp . AND exp
   64    | exp . OR exp

    DO                desplazar e ir al estado 150
    STEP              desplazar e ir al estado 151
    OR                desplazar e ir al estado 80
    AND               desplazar e ir al estado 81
    CONCATENATE       desplazar e ir al estado 82
    GREATER_OR_EQUAL  desplazar e ir al estado 83
    LESS_OR_EQUAL     desplazar e ir al estado 84
    GREATER_THAN      desplazar e ir al estado 85
    LESS_THAN         desplazar e ir al estado 86
    EQUAL             desplazar e ir al estado 87
    NOT_EQUAL         desplazar e ir al estado 88
    PLUS              desplazar e ir al estado 89
    MINUS             desplazar e ir al estado 90
    MULTIPLICATION    desplazar e ir al estado 91
    INTEGER_DIVISION  desplazar e ir al estado 92
    DIVISION          desplazar e ir al estado 93
    MODULO            desplazar e ir al estado 94
    POWER             desplazar e ir al estado 96


Estado 145

   25 for: FOR STRING FROM exp UNTIL exp . DO stmtlist ENDFOR
   26    | FOR STRING FROM exp UNTIL exp . STEP exp DO stmtlist ENDFOR
   43 exp: exp . PLUS exp
   44    | exp . MINUS exp
   45    | exp . MULTIPLICATION exp
   46    | exp . DIVISION exp
   47    | exp . INTEGER_DIVISION exp
   51    | exp . MODULO exp
   52    | exp . POWER exp
   55    | exp . CONCATENATE exp
   57    | exp . GREATER_THAN exp
   58    | exp . GREATER_OR_EQUAL exp
   59    | exp . LESS_THAN exp
   60    | exp . LESS_OR_EQUAL exp
   61    | exp . EQUAL exp
   62    | exp . NOT_EQUAL exp
   63    | exp . AND exp
   64    | exp . OR exp

    DO                desplazar e ir al estado 152
    STEP              desplazar e ir al estado 153
    OR                desplazar e ir al estado 80
    AND               desplazar e ir al estado 81
    CONCATENATE       desplazar e ir al estado 82
    GREATER_OR_EQUAL  desplazar e ir al estado 83
    LESS_OR_EQUAL     desplazar e ir al estado 84
    GREATER_THAN      desplazar e ir al estado 85
    LESS_THAN         desplazar e ir al estado 86
    EQUAL             desplazar e ir al estado 87
    NOT_EQUAL         desplazar e ir al estado 88
    PLUS              desplazar e ir al estado 89
    MINUS             desplazar e ir al estado 90
    MULTIPLICATION    desplazar e ir al estado 91
    INTEGER_DIVISION  desplazar e ir al estado 92
    DIVISION          desplazar e ir al estado 93
    MODULO            desplazar e ir al estado 94
    POWER             desplazar e ir al estado 96


Estado 146

   23 for: FOR VARIABLE FROM exp UNTIL exp . STEP exp DO stmtlist ENDFOR
   24    | FOR VARIABLE FROM exp UNTIL exp . DO stmtlist ENDFOR
   43 exp: exp . PLUS exp
   44    | exp . MINUS exp
   45    | exp . MULTIPLICATION exp
   46    | exp . DIVISION exp
   47    | exp . INTEGER_DIVISION exp
   51    | exp . MODULO exp
   52    | exp . POWER exp
   55    | exp . CONCATENATE exp
   57    | exp . GREATER_THAN exp
   58    | exp . GREATER_OR_EQUAL exp
   59    | exp . LESS_THAN exp
   60    | exp . LESS_OR_EQUAL exp
   61    | exp . EQUAL exp
   62    | exp . NOT_EQUAL exp
   63    | exp . AND exp
   64    | exp . OR exp

    DO                desplazar e ir al estado 154
    STEP              desplazar e ir al estado 155
    OR                desplazar e ir al estado 80
    AND               desplazar e ir al estado 81
    CONCATENATE       desplazar e ir al estado 82
    GREATER_OR_EQUAL  desplazar e ir al estado 83
    LESS_OR_EQUAL     desplazar e ir al estado 84
    GREATER_THAN      desplazar e ir al estado 85
    LESS_THAN         desplazar e ir al estado 86
    EQUAL             desplazar e ir al estado 87
    NOT_EQUAL         desplazar e ir al estado 88
    PLUS              desplazar e ir al estado 89
    MINUS             desplazar e ir al estado 90
    MULTIPLICATION    desplazar e ir al estado 91
    INTEGER_DIVISION  desplazar e ir al estado 92
    DIVISION          desplazar e ir al estado 93
    MODULO            desplazar e ir al estado 94
    POWER             desplazar e ir al estado 96


Estado 147

   31 place: PLACE LPAREN exp COMMA exp RPAREN .

    $default  reduce usando la regla 31 (place)


Estado 148

   43 exp: exp . PLUS exp
   44    | exp . MINUS exp
   45    | exp . MULTIPLICATION exp
   46    | exp . DIVISION exp
   47    | exp . INTEGER_DIVISION exp
   51    | exp . MODULO exp
   52    | exp . POWER exp
   55    | exp . CONCATENATE exp
   57    | exp . GREATER_THAN exp
   58    | exp . GREATER_OR_EQUAL exp
   59    | exp . LESS_THAN exp
   60    | exp . LESS_OR_EQUAL exp
   61    | exp . EQUAL exp
   62    | exp . NOT_EQUAL exp
   63    | exp . AND exp
   64    | exp . OR exp
   69 restOfListOfExp: COMMA exp . restOfListOfExp

    COMMA             desplazar e ir al estado 139
    OR                desplazar e ir al estado 80
    AND               desplazar e ir al estado 81
    CONCATENATE       desplazar e ir al estado 82
    GREATER_OR_EQUAL  desplazar e ir al estado 83
    LESS_OR_EQUAL     desplazar e ir al estado 84
    GREATER_THAN      desplazar e ir al estado 85
    LESS_THAN         desplazar e ir al estado 86
    EQUAL             desplazar e ir al estado 87
    NOT_EQUAL         desplazar e ir al estado 88
    PLUS              desplazar e ir al estado 89
    MINUS             desplazar e ir al estado 90
    MULTIPLICATION    desplazar e ir al estado 91
    INTEGER_DIVISION  desplazar e ir al estado 92
    DIVISION          desplazar e ir al estado 93
    MODULO            desplazar e ir al estado 94
    POWER             desplazar e ir al estado 96

    $default  reduce usando la regla 68 (restOfListOfExp)

    restOfListOfExp  ir al estado 156


Estado 149

   17 if: IF cond THEN stmtlist ELSE stmtlist ENDIF .

    $default  reduce usando la regla 17 (if)


Estado 150

   27 for: FOR NUMBER FROM exp UNTIL exp DO . stmtlist ENDFOR

    $default  reduce usando la regla 2 (stmtlist)

    stmtlist  ir al estado 157


Estado 151

   28 for: FOR NUMBER FROM exp UNTIL exp STEP . exp DO stmtlist ENDFOR

    NUMBER    desplazar e ir al estado 45
    STRING    desplazar e ir al estado 46
    VARIABLE  desplazar e ir al estado 47
    CONSTANT  desplazar e ir al estado 48
    BUILTIN   desplazar e ir al estado 49
    NOT       desplazar e ir al estado 50
    PLUS      desplazar e ir al estado 51
    MINUS     desplazar e ir al estado 52
    LPAREN    desplazar e ir al estado 53

    exp  ir al estado 158


Estado 152

   25 for: FOR STRING FROM exp UNTIL exp DO . stmtlist ENDFOR

    $default  reduce usando la regla 2 (stmtlist)

    stmtlist  ir al estado 159


Estado 153

   26 for: FOR STRING FROM exp UNTIL exp STEP . exp DO stmtlist ENDFOR

    NUMBER    desplazar e ir al estado 45
    STRING    desplazar e ir al estado 46
    VARIABLE  desplazar e ir al estado 47
    CONSTANT  desplazar e ir al estado 48
    BUILTIN   desplazar e ir al estado 49
    NOT       desplazar e ir al estado 50
    PLUS      desplazar e ir al estado 51
    MINUS     desplazar e ir al estado 52
    LPAREN    desplazar e ir al estado 53

    exp  ir al estado 160


Estado 154

   24 for: FOR VARIABLE FROM exp UNTIL exp DO . stmtlist ENDFOR

    $default  reduce usando la regla 2 (stmtlist)

    stmtlist  ir al estado 161


Estado 155

   23 for: FOR VARIABLE FROM exp UNTIL exp STEP . exp DO stmtlist ENDFOR

    NUMBER    desplazar e ir al estado 45
    STRING    desplazar e ir al estado 46
    VARIABLE  desplazar e ir al estado 47
    CONSTANT  desplazar e ir al estado 48
    BUILTIN   desplazar e ir al estado 49
    NOT       desplazar e ir al estado 50
    PLUS      desplazar e ir al estado 51
    MINUS     desplazar e ir al estado 52
    LPAREN    desplazar e ir al estado 53

    exp  ir al estado 162


Estado 156

   69 restOfListOfExp: COMMA exp restOfListOfExp .

    $default  reduce usando la regla 69 (restOfListOfExp)


Estado 157

    3 stmtlist: stmtlist . stmt
    4         | stmtlist . error
   27 for: FOR NUMBER FROM exp UNTIL exp DO stmtlist . ENDFOR

    error        desplazar e ir al estado 4
    SEMICOLON    desplazar e ir al estado 5
    PRINT        desplazar e ir al estado 6
    READ         desplazar e ir al estado 7
    READ_STRING  desplazar e ir al estado 8
    IF           desplazar e ir al estado 9
    WHILE        desplazar e ir al estado 10
    REPEAT       desplazar e ir al estado 11
    FOR          desplazar e ir al estado 12
    ENDFOR       desplazar e ir al estado 163
    ERASE        desplazar e ir al estado 13
    PLACE        desplazar e ir al estado 14
    VARIABLE     desplazar e ir al estado 15
    CONSTANT     desplazar e ir al estado 16

    stmt    ir al estado 17
    if      ir al estado 18
    while   ir al estado 19
    repeat  ir al estado 20
    for     ir al estado 21
    erase   ir al estado 22
    place   ir al estado 23
    asgn    ir al estado 24
    print   ir al estado 25
    read    ir al estado 26


Estado 158

   28 for: FOR NUMBER FROM exp UNTIL exp STEP exp . DO stmtlist ENDFOR
   43 exp: exp . PLUS exp
   44    | exp . MINUS exp
   45    | exp . MULTIPLICATION exp
   46    | exp . DIVISION exp
   47    | exp . INTEGER_DIVISION exp
   51    | exp . MODULO exp
   52    | exp . POWER exp
   55    | exp . CONCATENATE exp
   57    | exp . GREATER_THAN exp
   58    | exp . GREATER_OR_EQUAL exp
   59    | exp . LESS_THAN exp
   60    | exp . LESS_OR_EQUAL exp
   61    | exp . EQUAL exp
   62    | exp . NOT_EQUAL exp
   63    | exp . AND exp
   64    | exp . OR exp

    DO                desplazar e ir al estado 164
    OR                desplazar e ir al estado 80
    AND               desplazar e ir al estado 81
    CONCATENATE       desplazar e ir al estado 82
    GREATER_OR_EQUAL  desplazar e ir al estado 83
    LESS_OR_EQUAL     desplazar e ir al estado 84
    GREATER_THAN      desplazar e ir al estado 85
    LESS_THAN         desplazar e ir al estado 86
    EQUAL             desplazar e ir al estado 87
    NOT_EQUAL         desplazar e ir al estado 88
    PLUS              desplazar e ir al estado 89
    MINUS             desplazar e ir al estado 90
    MULTIPLICATION    desplazar e ir al estado 91
    INTEGER_DIVISION  desplazar e ir al estado 92
    DIVISION          desplazar e ir al estado 93
    MODULO            desplazar e ir al estado 94
    POWER             desplazar e ir al estado 96


Estado 159

    3 stmtlist: stmtlist . stmt
    4         | stmtlist . error
   25 for: FOR STRING FROM exp UNTIL exp DO stmtlist . ENDFOR

    error        desplazar e ir al estado 4
    SEMICOLON    desplazar e ir al estado 5
    PRINT        desplazar e ir al estado 6
    READ         desplazar e ir al estado 7
    READ_STRING  desplazar e ir al estado 8
    IF           desplazar e ir al estado 9
    WHILE        desplazar e ir al estado 10
    REPEAT       desplazar e ir al estado 11
    FOR          desplazar e ir al estado 12
    ENDFOR       desplazar e ir al estado 165
    ERASE        desplazar e ir al estado 13
    PLACE        desplazar e ir al estado 14
    VARIABLE     desplazar e ir al estado 15
    CONSTANT     desplazar e ir al estado 16

    stmt    ir al estado 17
    if      ir al estado 18
    while   ir al estado 19
    repeat  ir al estado 20
    for     ir al estado 21
    erase   ir al estado 22
    place   ir al estado 23
    asgn    ir al estado 24
    print   ir al estado 25
    read    ir al estado 26


Estado 160

   26 for: FOR STRING FROM exp UNTIL exp STEP exp . DO stmtlist ENDFOR
   43 exp: exp . PLUS exp
   44    | exp . MINUS exp
   45    | exp . MULTIPLICATION exp
   46    | exp . DIVISION exp
   47    | exp . INTEGER_DIVISION exp
   51    | exp . MODULO exp
   52    | exp . POWER exp
   55    | exp . CONCATENATE exp
   57    | exp . GREATER_THAN exp
   58    | exp . GREATER_OR_EQUAL exp
   59    | exp . LESS_THAN exp
   60    | exp . LESS_OR_EQUAL exp
   61    | exp . EQUAL exp
   62    | exp . NOT_EQUAL exp
   63    | exp . AND exp
   64    | exp . OR exp

    DO                desplazar e ir al estado 166
    OR                desplazar e ir al estado 80
    AND               desplazar e ir al estado 81
    CONCATENATE       desplazar e ir al estado 82
    GREATER_OR_EQUAL  desplazar e ir al estado 83
    LESS_OR_EQUAL     desplazar e ir al estado 84
    GREATER_THAN      desplazar e ir al estado 85
    LESS_THAN         desplazar e ir al estado 86
    EQUAL             desplazar e ir al estado 87
    NOT_EQUAL         desplazar e ir al estado 88
    PLUS              desplazar e ir al estado 89
    MINUS             desplazar e ir al estado 90
    MULTIPLICATION    desplazar e ir al estado 91
    INTEGER_DIVISION  desplazar e ir al estado 92
    DIVISION          desplazar e ir al estado 93
    MODULO            desplazar e ir al estado 94
    POWER             desplazar e ir al estado 96


Estado 161

    3 stmtlist: stmtlist . stmt
    4         | stmtlist . error
   24 for: FOR VARIABLE FROM exp UNTIL exp DO stmtlist . ENDFOR

    error        desplazar e ir al estado 4
    SEMICOLON    desplazar e ir al estado 5
    PRINT        desplazar e ir al estado 6
    READ         desplazar e ir al estado 7
    READ_STRING  desplazar e ir al estado 8
    IF           desplazar e ir al estado 9
    WHILE        desplazar e ir al estado 10
    REPEAT       desplazar e ir al estado 11
    FOR          desplazar e ir al estado 12
    ENDFOR       desplazar e ir al estado 167
    ERASE        desplazar e ir al estado 13
    PLACE        desplazar e ir al estado 14
    VARIABLE     desplazar e ir al estado 15
    CONSTANT     desplazar e ir al estado 16

    stmt    ir al estado 17
    if      ir al estado 18
    while   ir al estado 19
    repeat  ir al estado 20
    for     ir al estado 21
    erase   ir al estado 22
    place   ir al estado 23
    asgn    ir al estado 24
    print   ir al estado 25
    read    ir al estado 26


Estado 162

   23 for: FOR VARIABLE FROM exp UNTIL exp STEP exp . DO stmtlist ENDFOR
   43 exp: exp . PLUS exp
   44    | exp . MINUS exp
   45    | exp . MULTIPLICATION exp
   46    | exp . DIVISION exp
   47    | exp . INTEGER_DIVISION exp
   51    | exp . MODULO exp
   52    | exp . POWER exp
   55    | exp . CONCATENATE exp
   57    | exp . GREATER_THAN exp
   58    | exp . GREATER_OR_EQUAL exp
   59    | exp . LESS_THAN exp
   60    | exp . LESS_OR_EQUAL exp
   61    | exp . EQUAL exp
   62    | exp . NOT_EQUAL exp
   63    | exp . AND exp
   64    | exp . OR exp

    DO                desplazar e ir al estado 168
    OR                desplazar e ir al estado 80
    AND               desplazar e ir al estado 81
    CONCATENATE       desplazar e ir al estado 82
    GREATER_OR_EQUAL  desplazar e ir al estado 83
    LESS_OR_EQUAL     desplazar e ir al estado 84
    GREATER_THAN      desplazar e ir al estado 85
    LESS_THAN         desplazar e ir al estado 86
    EQUAL             desplazar e ir al estado 87
    NOT_EQUAL         desplazar e ir al estado 88
    PLUS              desplazar e ir al estado 89
    MINUS             desplazar e ir al estado 90
    MULTIPLICATION    desplazar e ir al estado 91
    INTEGER_DIVISION  desplazar e ir al estado 92
    DIVISION          desplazar e ir al estado 93
    MODULO            desplazar e ir al estado 94
    POWER             desplazar e ir al estado 96


Estado 163

   27 for: FOR NUMBER FROM exp UNTIL exp DO stmtlist ENDFOR .

    $default  reduce usando la regla 27 (for)


Estado 164

   28 for: FOR NUMBER FROM exp UNTIL exp STEP exp DO . stmtlist ENDFOR

    $default  reduce usando la regla 2 (stmtlist)

    stmtlist  ir al estado 169


Estado 165

   25 for: FOR STRING FROM exp UNTIL exp DO stmtlist ENDFOR .

    $default  reduce usando la regla 25 (for)


Estado 166

   26 for: FOR STRING FROM exp UNTIL exp STEP exp DO . stmtlist ENDFOR

    $default  reduce usando la regla 2 (stmtlist)

    stmtlist  ir al estado 170


Estado 167

   24 for: FOR VARIABLE FROM exp UNTIL exp DO stmtlist ENDFOR .

    $default  reduce usando la regla 24 (for)


Estado 168

   23 for: FOR VARIABLE FROM exp UNTIL exp STEP exp DO . stmtlist ENDFOR

    $default  reduce usando la regla 2 (stmtlist)

    stmtlist  ir al estado 171


Estado 169

    3 stmtlist: stmtlist . stmt
    4         | stmtlist . error
   28 for: FOR NUMBER FROM exp UNTIL exp STEP exp DO stmtlist . ENDFOR

    error        desplazar e ir al estado 4
    SEMICOLON    desplazar e ir al estado 5
    PRINT        desplazar e ir al estado 6
    READ         desplazar e ir al estado 7
    READ_STRING  desplazar e ir al estado 8
    IF           desplazar e ir al estado 9
    WHILE        desplazar e ir al estado 10
    REPEAT       desplazar e ir al estado 11
    FOR          desplazar e ir al estado 12
    ENDFOR       desplazar e ir al estado 172
    ERASE        desplazar e ir al estado 13
    PLACE        desplazar e ir al estado 14
    VARIABLE     desplazar e ir al estado 15
    CONSTANT     desplazar e ir al estado 16

    stmt    ir al estado 17
    if      ir al estado 18
    while   ir al estado 19
    repeat  ir al estado 20
    for     ir al estado 21
    erase   ir al estado 22
    place   ir al estado 23
    asgn    ir al estado 24
    print   ir al estado 25
    read    ir al estado 26


Estado 170

    3 stmtlist: stmtlist . stmt
    4         | stmtlist . error
   26 for: FOR STRING FROM exp UNTIL exp STEP exp DO stmtlist . ENDFOR

    error        desplazar e ir al estado 4
    SEMICOLON    desplazar e ir al estado 5
    PRINT        desplazar e ir al estado 6
    READ         desplazar e ir al estado 7
    READ_STRING  desplazar e ir al estado 8
    IF           desplazar e ir al estado 9
    WHILE        desplazar e ir al estado 10
    REPEAT       desplazar e ir al estado 11
    FOR          desplazar e ir al estado 12
    ENDFOR       desplazar e ir al estado 173
    ERASE        desplazar e ir al estado 13
    PLACE        desplazar e ir al estado 14
    VARIABLE     desplazar e ir al estado 15
    CONSTANT     desplazar e ir al estado 16

    stmt    ir al estado 17
    if      ir al estado 18
    while   ir al estado 19
    repeat  ir al estado 20
    for     ir al estado 21
    erase   ir al estado 22
    place   ir al estado 23
    asgn    ir al estado 24
    print   ir al estado 25
    read    ir al estado 26


Estado 171

    3 stmtlist: stmtlist . stmt
    4         | stmtlist . error
   23 for: FOR VARIABLE FROM exp UNTIL exp STEP exp DO stmtlist . ENDFOR

    error        desplazar e ir al estado 4
    SEMICOLON    desplazar e ir al estado 5
    PRINT        desplazar e ir al estado 6
    READ         desplazar e ir al estado 7
    READ_STRING  desplazar e ir al estado 8
    IF           desplazar e ir al estado 9
    WHILE        desplazar e ir al estado 10
    REPEAT       desplazar e ir al estado 11
    FOR          desplazar e ir al estado 12
    ENDFOR       desplazar e ir al estado 174
    ERASE        desplazar e ir al estado 13
    PLACE        desplazar e ir al estado 14
    VARIABLE     desplazar e ir al estado 15
    CONSTANT     desplazar e ir al estado 16

    stmt    ir al estado 17
    if      ir al estado 18
    while   ir al estado 19
    repeat  ir al estado 20
    for     ir al estado 21
    erase   ir al estado 22
    place   ir al estado 23
    asgn    ir al estado 24
    print   ir al estado 25
    read    ir al estado 26


Estado 172

   28 for: FOR NUMBER FROM exp UNTIL exp STEP exp DO stmtlist ENDFOR .

    $default  reduce usando la regla 28 (for)


Estado 173

   26 for: FOR STRING FROM exp UNTIL exp STEP exp DO stmtlist ENDFOR .

    $default  reduce usando la regla 26 (for)


Estado 174

   23 for: FOR VARIABLE FROM exp UNTIL exp STEP exp DO stmtlist ENDFOR .

    $default  reduce usando la regla 23 (for)
